This file contains any messages produced by compilers while
running configure, to aid debugging if configure makes a mistake.

It was created by xlslib configure 2.4.0, which was
generated by GNU Autoconf 2.69.  Invocation command line was

  $ ./configure 

## --------- ##
## Platform. ##
## --------- ##

hostname = master
uname -m = x86_64
uname -r = 2.6.32-358.14.1.el6.x86_64
uname -s = Linux
uname -v = #1 SMP Tue Jul 16 23:51:20 UTC 2013

/usr/bin/uname -p = unknown
/bin/uname -X     = unknown

/bin/arch              = x86_64
/usr/bin/arch -k       = unknown
/usr/convex/getsysinfo = unknown
/usr/bin/hostinfo      = unknown
/bin/machine           = unknown
/usr/bin/oslevel       = unknown
/bin/universe          = unknown

PATH: /usr/local/Trolltech/Qt-4.8.3//bin
PATH: /usr/local/sbin
PATH: /usr/sbin
PATH: /sbin
PATH: /usr/local/bin
PATH: /usr/bin
PATH: /bin
PATH: /opt/FriendlyARM/toolschain/4.4.3/bin/
PATH: /usr/local/go/bin/
PATH: /usr/local/liteide/bin/
PATH: /usr/local/go/pkg/tool/linux_amd64/
PATH: /opt/modules/hadoop/hadoop-2.0.5-alpha//bin
PATH: /usr/lib/jvm/java-1.7.0-openjdk-1.7.0.25.x86_64//bin/
PATH: /usr/local/MATLAB/R2011b/bin/
PATH: /home/sly/work/apache-maven-3.0.4/bin
PATH: /opt/freescale_bak/usr/local/gcc-4.1.78-eglibc-2.5.78-1/powerpc-e300c3-linux-gnu/bin/
PATH: /opt/freescale/ltib/usr/bin/
PATH: /root/bin
PATH: /opt/FriendlyARM/toolschain/4.4.3/bin/
PATH: /usr/local/go/bin/
PATH: /usr/local/liteide/bin/
PATH: /usr/local/go/pkg/tool/linux_amd64/
PATH: /opt/modules/hadoop/hadoop-2.0.5-alpha//bin
PATH: /usr/lib/jvm/java-1.7.0-openjdk-1.7.0.25.x86_64//bin/
PATH: /usr/local/MATLAB/R2011b/bin/
PATH: /home/sly/work/apache-maven-3.0.4/bin
PATH: /usr/lib64/openmpi/bin/
PATH: /opt/freescale_bak/usr/local/gcc-4.1.78-eglibc-2.5.78-1/powerpc-e300c3-linux-gnu/bin/
PATH: /opt/freescale/ltib/usr/bin/


## ----------- ##
## Core tests. ##
## ----------- ##

configure:2727: checking for a BSD-compatible install
configure:2795: result: /usr/bin/install -c
configure:2806: checking whether build environment is sane
configure:2861: result: yes
configure:2899: WARNING: 'missing' script is too old or missing
configure:3012: checking for a thread-safe mkdir -p
configure:3051: result: /bin/mkdir -p
configure:3058: checking for gawk
configure:3074: found /usr/bin/gawk
configure:3085: result: gawk
configure:3096: checking whether make sets $(MAKE)
configure:3118: result: yes
configure:3147: checking whether make supports nested variables
configure:3164: result: yes
configure:3247: checking build system type
configure:3261: result: x86_64-unknown-linux-gnu
configure:3281: checking host system type
configure:3294: result: x86_64-unknown-linux-gnu
configure:3320: checking for a sed that does not truncate output
configure:3384: result: /bin/sed
configure:3448: checking for g++
configure:3464: found /usr/bin/g++
configure:3475: result: g++
configure:3502: checking for C++ compiler version
configure:3511: g++ --version >&5
g++ (GCC) 4.4.7 20120313 (Red Hat 4.4.7-3)
Copyright (C) 2010 Free Software Foundation, Inc.
This is free software; see the source for copying conditions.  There is NO
warranty; not even for MERCHANTABILITY or FITNESS FOR A PARTICULAR PURPOSE.

configure:3522: $? = 0
configure:3511: g++ -v >&5
Using built-in specs.
Target: x86_64-redhat-linux
Configured with: ../configure --prefix=/usr --mandir=/usr/share/man --infodir=/usr/share/info --with-bugurl=http://bugzilla.redhat.com/bugzilla --enable-bootstrap --enable-shared --enable-threads=posix --enable-checking=release --with-system-zlib --enable-__cxa_atexit --disable-libunwind-exceptions --enable-gnu-unique-object --enable-languages=c,c++,objc,obj-c++,java,fortran,ada --enable-java-awt=gtk --disable-dssi --with-java-home=/usr/lib/jvm/java-1.5.0-gcj-1.5.0.0/jre --enable-libgcj-multifile --enable-java-maintainer-mode --with-ecj-jar=/usr/share/java/eclipse-ecj.jar --disable-libjava-multilib --with-ppl --with-cloog --with-tune=generic --with-arch_32=i686 --build=x86_64-redhat-linux
Thread model: posix
gcc version 4.4.7 20120313 (Red Hat 4.4.7-3) (GCC) 
configure:3522: $? = 0
configure:3511: g++ -V >&5
g++: '-V' option must have argument
configure:3522: $? = 1
configure:3511: g++ -qversion >&5
g++: unrecognized option '-qversion'
g++: no input files
configure:3522: $? = 1
configure:3542: checking whether the C++ compiler works
configure:3564: g++    conftest.cpp  >&5
configure:3568: $? = 0
configure:3616: result: yes
configure:3619: checking for C++ compiler default output file name
configure:3621: result: a.out
configure:3627: checking for suffix of executables
configure:3634: g++ -o conftest    conftest.cpp  >&5
configure:3638: $? = 0
configure:3660: result: 
configure:3682: checking whether we are cross compiling
configure:3690: g++ -o conftest    conftest.cpp  >&5
configure:3694: $? = 0
configure:3701: ./conftest
configure:3705: $? = 0
configure:3720: result: no
configure:3725: checking for suffix of object files
configure:3747: g++ -c   conftest.cpp >&5
configure:3751: $? = 0
configure:3772: result: o
configure:3776: checking whether we are using the GNU C++ compiler
configure:3795: g++ -c   conftest.cpp >&5
configure:3795: $? = 0
configure:3804: result: yes
configure:3813: checking whether g++ accepts -g
configure:3833: g++ -c -g  conftest.cpp >&5
configure:3833: $? = 0
configure:3874: result: yes
configure:3908: checking for style of include used by make
configure:3936: result: GNU
configure:3962: checking dependency style of g++
configure:4073: result: gcc3
configure:4136: checking for gcc
configure:4152: found /usr/bin/gcc
configure:4163: result: gcc
configure:4392: checking for C compiler version
configure:4401: gcc --version >&5
gcc (GCC) 4.4.7 20120313 (Red Hat 4.4.7-3)
Copyright (C) 2010 Free Software Foundation, Inc.
This is free software; see the source for copying conditions.  There is NO
warranty; not even for MERCHANTABILITY or FITNESS FOR A PARTICULAR PURPOSE.

configure:4412: $? = 0
configure:4401: gcc -v >&5
Using built-in specs.
Target: x86_64-redhat-linux
Configured with: ../configure --prefix=/usr --mandir=/usr/share/man --infodir=/usr/share/info --with-bugurl=http://bugzilla.redhat.com/bugzilla --enable-bootstrap --enable-shared --enable-threads=posix --enable-checking=release --with-system-zlib --enable-__cxa_atexit --disable-libunwind-exceptions --enable-gnu-unique-object --enable-languages=c,c++,objc,obj-c++,java,fortran,ada --enable-java-awt=gtk --disable-dssi --with-java-home=/usr/lib/jvm/java-1.5.0-gcj-1.5.0.0/jre --enable-libgcj-multifile --enable-java-maintainer-mode --with-ecj-jar=/usr/share/java/eclipse-ecj.jar --disable-libjava-multilib --with-ppl --with-cloog --with-tune=generic --with-arch_32=i686 --build=x86_64-redhat-linux
Thread model: posix
gcc version 4.4.7 20120313 (Red Hat 4.4.7-3) (GCC) 
configure:4412: $? = 0
configure:4401: gcc -V >&5
gcc: '-V' option must have argument
configure:4412: $? = 1
configure:4401: gcc -qversion >&5
gcc: unrecognized option '-qversion'
gcc: no input files
configure:4412: $? = 1
configure:4416: checking whether we are using the GNU C compiler
configure:4435: gcc -c   conftest.c >&5
configure:4435: $? = 0
configure:4444: result: yes
configure:4453: checking whether gcc accepts -g
configure:4473: gcc -c -g  conftest.c >&5
configure:4473: $? = 0
configure:4514: result: yes
configure:4531: checking for gcc option to accept ISO C89
configure:4594: gcc  -c -g -O2  conftest.c >&5
configure:4594: $? = 0
configure:4607: result: none needed
configure:4629: checking dependency style of gcc
configure:4740: result: gcc3
configure:4759: checking for gcc option to accept ISO C99
configure:4908: gcc  -c -g -O2  conftest.c >&5
conftest.c:61: error: expected ';', ',' or ')' before 'text'
conftest.c: In function 'main':
conftest.c:115: error: expected '=', ',', ';', 'asm' or '__attribute__' before 'newvar'
conftest.c:115: error: 'newvar' undeclared (first use in this function)
conftest.c:115: error: (Each undeclared identifier is reported only once
conftest.c:115: error: for each function it appears in.)
conftest.c:125: error: 'for' loop initial declarations are only allowed in C99 mode
conftest.c:125: note: use option -std=c99 or -std=gnu99 to compile your code
configure:4908: $? = 1
configure: failed program was:
| /* confdefs.h */
| #define PACKAGE_NAME "xlslib"
| #define PACKAGE_TARNAME "xlslib"
| #define PACKAGE_VERSION "2.4.0"
| #define PACKAGE_STRING "xlslib 2.4.0"
| #define PACKAGE_BUGREPORT "dhoerl@users.sourceforge.net"
| #define PACKAGE_URL ""
| #define PACKAGE "xlslib"
| #define VERSION "2.4.0"
| /* end confdefs.h.  */
| #include <stdarg.h>
| #include <stdbool.h>
| #include <stdlib.h>
| #include <wchar.h>
| #include <stdio.h>
| 
| // Check varargs macros.  These examples are taken from C99 6.10.3.5.
| #define debug(...) fprintf (stderr, __VA_ARGS__)
| #define showlist(...) puts (#__VA_ARGS__)
| #define report(test,...) ((test) ? puts (#test) : printf (__VA_ARGS__))
| static void
| test_varargs_macros (void)
| {
|   int x = 1234;
|   int y = 5678;
|   debug ("Flag");
|   debug ("X = %d\n", x);
|   showlist (The first, second, and third items.);
|   report (x>y, "x is %d but y is %d", x, y);
| }
| 
| // Check long long types.
| #define BIG64 18446744073709551615ull
| #define BIG32 4294967295ul
| #define BIG_OK (BIG64 / BIG32 == 4294967297ull && BIG64 % BIG32 == 0)
| #if !BIG_OK
|   your preprocessor is broken;
| #endif
| #if BIG_OK
| #else
|   your preprocessor is broken;
| #endif
| static long long int bignum = -9223372036854775807LL;
| static unsigned long long int ubignum = BIG64;
| 
| struct incomplete_array
| {
|   int datasize;
|   double data[];
| };
| 
| struct named_init {
|   int number;
|   const wchar_t *name;
|   double average;
| };
| 
| typedef const char *ccp;
| 
| static inline int
| test_restrict (ccp restrict text)
| {
|   // See if C++-style comments work.
|   // Iterate through items via the restricted pointer.
|   // Also check for declarations in for loops.
|   for (unsigned int i = 0; *(text+i) != '\0'; ++i)
|     continue;
|   return 0;
| }
| 
| // Check varargs and va_copy.
| static void
| test_varargs (const char *format, ...)
| {
|   va_list args;
|   va_start (args, format);
|   va_list args_copy;
|   va_copy (args_copy, args);
| 
|   const char *str;
|   int number;
|   float fnumber;
| 
|   while (*format)
|     {
|       switch (*format++)
| 	{
| 	case 's': // string
| 	  str = va_arg (args_copy, const char *);
| 	  break;
| 	case 'd': // int
| 	  number = va_arg (args_copy, int);
| 	  break;
| 	case 'f': // float
| 	  fnumber = va_arg (args_copy, double);
| 	  break;
| 	default:
| 	  break;
| 	}
|     }
|   va_end (args_copy);
|   va_end (args);
| }
| 
| int
| main ()
| {
| 
|   // Check bool.
|   _Bool success = false;
| 
|   // Check restrict.
|   if (test_restrict ("String literal") == 0)
|     success = true;
|   char *restrict newvar = "Another string";
| 
|   // Check varargs.
|   test_varargs ("s, d' f .", "string", 65, 34.234);
|   test_varargs_macros ();
| 
|   // Check flexible array members.
|   struct incomplete_array *ia =
|     malloc (sizeof (struct incomplete_array) + (sizeof (double) * 10));
|   ia->datasize = 10;
|   for (int i = 0; i < ia->datasize; ++i)
|     ia->data[i] = i * 1.234;
| 
|   // Check named initializers.
|   struct named_init ni = {
|     .number = 34,
|     .name = L"Test wide string",
|     .average = 543.34343,
|   };
| 
|   ni.number = 58;
| 
|   int dynamic_array[ni.number];
|   dynamic_array[ni.number - 1] = 543;
| 
|   // work around unused variable warnings
|   return (!success || bignum == 0LL || ubignum == 0uLL || newvar[0] == 'x'
| 	  || dynamic_array[ni.number - 1] != 543);
| 
|   ;
|   return 0;
| }
configure:4908: gcc -std=gnu99 -c -g -O2  conftest.c >&5
configure:4908: $? = 0
configure:4928: result: -std=gnu99
configure:5029: checking for gcc -std=gnu99 option to accept ISO Standard C
configure:5043: result: -std=gnu99
configure:5052: checking how to run the C preprocessor
configure:5083: gcc -std=gnu99 -E  conftest.c
configure:5083: $? = 0
configure:5097: gcc -std=gnu99 -E  conftest.c
conftest.c:11:28: error: ac_nonexistent.h: No such file or directory
configure:5097: $? = 1
configure: failed program was:
| /* confdefs.h */
| #define PACKAGE_NAME "xlslib"
| #define PACKAGE_TARNAME "xlslib"
| #define PACKAGE_VERSION "2.4.0"
| #define PACKAGE_STRING "xlslib 2.4.0"
| #define PACKAGE_BUGREPORT "dhoerl@users.sourceforge.net"
| #define PACKAGE_URL ""
| #define PACKAGE "xlslib"
| #define VERSION "2.4.0"
| /* end confdefs.h.  */
| #include <ac_nonexistent.h>
configure:5122: result: gcc -std=gnu99 -E
configure:5142: gcc -std=gnu99 -E  conftest.c
configure:5142: $? = 0
configure:5156: gcc -std=gnu99 -E  conftest.c
conftest.c:11:28: error: ac_nonexistent.h: No such file or directory
configure:5156: $? = 1
configure: failed program was:
| /* confdefs.h */
| #define PACKAGE_NAME "xlslib"
| #define PACKAGE_TARNAME "xlslib"
| #define PACKAGE_VERSION "2.4.0"
| #define PACKAGE_STRING "xlslib 2.4.0"
| #define PACKAGE_BUGREPORT "dhoerl@users.sourceforge.net"
| #define PACKAGE_URL ""
| #define PACKAGE "xlslib"
| #define VERSION "2.4.0"
| /* end confdefs.h.  */
| #include <ac_nonexistent.h>
configure:5187: checking for grep that handles long lines and -e
configure:5245: result: /bin/grep
configure:5250: checking for egrep
configure:5312: result: /bin/grep -E
configure:5317: checking for ANSI C header files
configure:5337: gcc -std=gnu99 -c -g -O2  conftest.c >&5
configure:5337: $? = 0
configure:5410: gcc -std=gnu99 -o conftest -g -O2   conftest.c  >&5
configure:5410: $? = 0
configure:5410: ./conftest
configure:5410: $? = 0
configure:5421: result: yes
configure:5434: checking for sys/types.h
configure:5434: gcc -std=gnu99 -c -g -O2  conftest.c >&5
configure:5434: $? = 0
configure:5434: result: yes
configure:5434: checking for sys/stat.h
configure:5434: gcc -std=gnu99 -c -g -O2  conftest.c >&5
configure:5434: $? = 0
configure:5434: result: yes
configure:5434: checking for stdlib.h
configure:5434: gcc -std=gnu99 -c -g -O2  conftest.c >&5
configure:5434: $? = 0
configure:5434: result: yes
configure:5434: checking for string.h
configure:5434: gcc -std=gnu99 -c -g -O2  conftest.c >&5
configure:5434: $? = 0
configure:5434: result: yes
configure:5434: checking for memory.h
configure:5434: gcc -std=gnu99 -c -g -O2  conftest.c >&5
configure:5434: $? = 0
configure:5434: result: yes
configure:5434: checking for strings.h
configure:5434: gcc -std=gnu99 -c -g -O2  conftest.c >&5
configure:5434: $? = 0
configure:5434: result: yes
configure:5434: checking for inttypes.h
configure:5434: gcc -std=gnu99 -c -g -O2  conftest.c >&5
configure:5434: $? = 0
configure:5434: result: yes
configure:5434: checking for stdint.h
configure:5434: gcc -std=gnu99 -c -g -O2  conftest.c >&5
configure:5434: $? = 0
configure:5434: result: yes
configure:5434: checking for unistd.h
configure:5434: gcc -std=gnu99 -c -g -O2  conftest.c >&5
configure:5434: $? = 0
configure:5434: result: yes
configure:5447: checking minix/config.h usability
configure:5447: gcc -std=gnu99 -c -g -O2  conftest.c >&5
conftest.c:54:26: error: minix/config.h: No such file or directory
configure:5447: $? = 1
configure: failed program was:
| /* confdefs.h */
| #define PACKAGE_NAME "xlslib"
| #define PACKAGE_TARNAME "xlslib"
| #define PACKAGE_VERSION "2.4.0"
| #define PACKAGE_STRING "xlslib 2.4.0"
| #define PACKAGE_BUGREPORT "dhoerl@users.sourceforge.net"
| #define PACKAGE_URL ""
| #define PACKAGE "xlslib"
| #define VERSION "2.4.0"
| #define STDC_HEADERS 1
| #define HAVE_SYS_TYPES_H 1
| #define HAVE_SYS_STAT_H 1
| #define HAVE_STDLIB_H 1
| #define HAVE_STRING_H 1
| #define HAVE_MEMORY_H 1
| #define HAVE_STRINGS_H 1
| #define HAVE_INTTYPES_H 1
| #define HAVE_STDINT_H 1
| #define HAVE_UNISTD_H 1
| /* end confdefs.h.  */
| #include <stdio.h>
| #ifdef HAVE_SYS_TYPES_H
| # include <sys/types.h>
| #endif
| #ifdef HAVE_SYS_STAT_H
| # include <sys/stat.h>
| #endif
| #ifdef STDC_HEADERS
| # include <stdlib.h>
| # include <stddef.h>
| #else
| # ifdef HAVE_STDLIB_H
| #  include <stdlib.h>
| # endif
| #endif
| #ifdef HAVE_STRING_H
| # if !defined STDC_HEADERS && defined HAVE_MEMORY_H
| #  include <memory.h>
| # endif
| # include <string.h>
| #endif
| #ifdef HAVE_STRINGS_H
| # include <strings.h>
| #endif
| #ifdef HAVE_INTTYPES_H
| # include <inttypes.h>
| #endif
| #ifdef HAVE_STDINT_H
| # include <stdint.h>
| #endif
| #ifdef HAVE_UNISTD_H
| # include <unistd.h>
| #endif
| #include <minix/config.h>
configure:5447: result: no
configure:5447: checking minix/config.h presence
configure:5447: gcc -std=gnu99 -E  conftest.c
conftest.c:21:26: error: minix/config.h: No such file or directory
configure:5447: $? = 1
configure: failed program was:
| /* confdefs.h */
| #define PACKAGE_NAME "xlslib"
| #define PACKAGE_TARNAME "xlslib"
| #define PACKAGE_VERSION "2.4.0"
| #define PACKAGE_STRING "xlslib 2.4.0"
| #define PACKAGE_BUGREPORT "dhoerl@users.sourceforge.net"
| #define PACKAGE_URL ""
| #define PACKAGE "xlslib"
| #define VERSION "2.4.0"
| #define STDC_HEADERS 1
| #define HAVE_SYS_TYPES_H 1
| #define HAVE_SYS_STAT_H 1
| #define HAVE_STDLIB_H 1
| #define HAVE_STRING_H 1
| #define HAVE_MEMORY_H 1
| #define HAVE_STRINGS_H 1
| #define HAVE_INTTYPES_H 1
| #define HAVE_STDINT_H 1
| #define HAVE_UNISTD_H 1
| /* end confdefs.h.  */
| #include <minix/config.h>
configure:5447: result: no
configure:5447: checking for minix/config.h
configure:5447: result: no
configure:5468: checking whether it is safe to define __EXTENSIONS__
configure:5486: gcc -std=gnu99 -c -g -O2  conftest.c >&5
configure:5486: $? = 0
configure:5493: result: yes
configure:5882: checking how to print strings
configure:5909: result: printf
configure:5930: checking for a sed that does not truncate output
configure:5994: result: /bin/sed
configure:6012: checking for fgrep
configure:6074: result: /bin/grep -F
configure:6109: checking for ld used by gcc -std=gnu99
configure:6176: result: /usr/bin/ld
configure:6183: checking if the linker (/usr/bin/ld) is GNU ld
configure:6198: result: yes
configure:6210: checking for BSD- or MS-compatible name lister (nm)
configure:6259: result: /usr/bin/nm -B
configure:6389: checking the name lister (/usr/bin/nm -B) interface
configure:6396: gcc -std=gnu99 -c -g -O2  conftest.c >&5
configure:6399: /usr/bin/nm -B "conftest.o"
configure:6402: output
0000000000000000 B some_variable
configure:6409: result: BSD nm
configure:6412: checking whether ln -s works
configure:6416: result: yes
configure:6424: checking the maximum length of command line arguments
configure:6549: result: 1966080
configure:6566: checking whether the shell understands some XSI constructs
configure:6576: result: yes
configure:6580: checking whether the shell understands "+="
configure:6586: result: yes
configure:6621: checking for /usr/bin/ld option to reload object files
configure:6628: result: -r
configure:6697: checking for objdump
configure:6724: result: objdump
configure:6753: checking how to recognize dependent libraries
configure:6955: result: pass_all
configure:7015: checking for ar
configure:7031: found /usr/bin/ar
configure:7042: result: ar
configure:7120: checking for strip
configure:7136: found /usr/bin/strip
configure:7147: result: strip
configure:7219: checking for ranlib
configure:7235: found /usr/bin/ranlib
configure:7246: result: ranlib
configure:7348: checking command to parse /usr/bin/nm -B output from gcc -std=gnu99 object
configure:7466: gcc -std=gnu99 -c -g -O2  conftest.c >&5
configure:7469: $? = 0
configure:7473: /usr/bin/nm -B conftest.o \| sed -n -e 's/^.*[ ]\([ABCDGIRSTW][ABCDGIRSTW]*\)[ ][ ]*\([_A-Za-z][_A-Za-z0-9]*\)$/\1 \2 \2/p' \> conftest.nm
configure:7476: $? = 0
configure:7530: gcc -std=gnu99 -o conftest -g -O2   conftest.c conftstm.o >&5
configure:7533: $? = 0
configure:7571: result: ok
configure:7666: gcc -std=gnu99 -c -g -O2  conftest.c >&5
configure:7669: $? = 0
configure:8408: checking for dlfcn.h
configure:8408: gcc -std=gnu99 -c -g -O2  conftest.c >&5
configure:8408: $? = 0
configure:8408: result: yes
configure:8592: checking for objdir
configure:8607: result: .libs
configure:8878: checking if gcc -std=gnu99 supports -fno-rtti -fno-exceptions
configure:8896: gcc -std=gnu99 -c -g -O2  -fno-rtti -fno-exceptions conftest.c >&5
cc1: warning: command line option "-fno-rtti" is valid for C++/ObjC++ but not for C
configure:8900: $? = 0
configure:8913: result: no
configure:8933: checking for gcc -std=gnu99 option to produce PIC
configure:9218: result: -fPIC -DPIC
configure:9230: checking if gcc -std=gnu99 PIC flag -fPIC -DPIC works
configure:9248: gcc -std=gnu99 -c -g -O2  -fPIC -DPIC -DPIC conftest.c >&5
configure:9252: $? = 0
configure:9265: result: yes
configure:9289: checking if gcc -std=gnu99 static flag -static works
configure:9317: result: no
configure:9332: checking if gcc -std=gnu99 supports -c -o file.o
configure:9353: gcc -std=gnu99 -c -g -O2  -o out/conftest2.o conftest.c >&5
configure:9357: $? = 0
configure:9379: result: yes
configure:9387: checking if gcc -std=gnu99 supports -c -o file.o
configure:9434: result: yes
configure:9467: checking whether the gcc -std=gnu99 linker (/usr/bin/ld -m elf_x86_64) supports shared libraries
configure:10542: result: yes
configure:10579: checking whether -lc should be explicitly linked in
configure:10587: gcc -std=gnu99 -c -g -O2  conftest.c >&5
configure:10590: $? = 0
configure:10605: gcc -std=gnu99 -shared conftest.o  -v -Wl,-soname -Wl,conftest -o conftest 2\>\&1 \| /bin/grep  -lc  \>/dev/null 2\>\&1
configure:10608: $? = 0
configure:10622: result: no
configure:10787: checking dynamic linker characteristics
configure:11242: gcc -std=gnu99 -o conftest -g -O2   -Wl,-rpath -Wl,/foo conftest.c  >&5
configure:11242: $? = 0
configure:11464: result: GNU/Linux ld.so
configure:11571: checking how to hardcode library paths into programs
configure:11596: result: immediate
configure:11690: checking for shl_load
configure:11690: gcc -std=gnu99 -o conftest -g -O2   conftest.c  >&5
/tmp/cc0ibZFN.o: In function `main':
/home/sly/work/example/qt/xlslib/xlslib/conftest.c:62: undefined reference to `shl_load'
collect2: ld returned 1 exit status
configure:11690: $? = 1
configure: failed program was:
| /* confdefs.h */
| #define PACKAGE_NAME "xlslib"
| #define PACKAGE_TARNAME "xlslib"
| #define PACKAGE_VERSION "2.4.0"
| #define PACKAGE_STRING "xlslib 2.4.0"
| #define PACKAGE_BUGREPORT "dhoerl@users.sourceforge.net"
| #define PACKAGE_URL ""
| #define PACKAGE "xlslib"
| #define VERSION "2.4.0"
| #define STDC_HEADERS 1
| #define HAVE_SYS_TYPES_H 1
| #define HAVE_SYS_STAT_H 1
| #define HAVE_STDLIB_H 1
| #define HAVE_STRING_H 1
| #define HAVE_MEMORY_H 1
| #define HAVE_STRINGS_H 1
| #define HAVE_INTTYPES_H 1
| #define HAVE_STDINT_H 1
| #define HAVE_UNISTD_H 1
| #define __EXTENSIONS__ 1
| #define _ALL_SOURCE 1
| #define _GNU_SOURCE 1
| #define _POSIX_PTHREAD_SEMANTICS 1
| #define _TANDEM_SOURCE 1
| #define HAVE_DLFCN_H 1
| #define LT_OBJDIR ".libs/"
| /* end confdefs.h.  */
| /* Define shl_load to an innocuous variant, in case <limits.h> declares shl_load.
|    For example, HP-UX 11i <limits.h> declares gettimeofday.  */
| #define shl_load innocuous_shl_load
| 
| /* System header to define __stub macros and hopefully few prototypes,
|     which can conflict with char shl_load (); below.
|     Prefer <limits.h> to <assert.h> if __STDC__ is defined, since
|     <limits.h> exists even on freestanding compilers.  */
| 
| #ifdef __STDC__
| # include <limits.h>
| #else
| # include <assert.h>
| #endif
| 
| #undef shl_load
| 
| /* Override any GCC internal prototype to avoid an error.
|    Use char because int might match the return type of a GCC
|    builtin and then its argument prototype would still apply.  */
| #ifdef __cplusplus
| extern "C"
| #endif
| char shl_load ();
| /* The GNU C library defines this for functions which it implements
|     to always fail with ENOSYS.  Some functions are actually named
|     something starting with __ and the normal name is an alias.  */
| #if defined __stub_shl_load || defined __stub___shl_load
| choke me
| #endif
| 
| int
| main ()
| {
| return shl_load ();
|   ;
|   return 0;
| }
configure:11690: result: no
configure:11694: checking for shl_load in -ldld
configure:11719: gcc -std=gnu99 -o conftest -g -O2   conftest.c -ldld   >&5
/usr/bin/ld: cannot find -ldld
collect2: ld returned 1 exit status
configure:11719: $? = 1
configure: failed program was:
| /* confdefs.h */
| #define PACKAGE_NAME "xlslib"
| #define PACKAGE_TARNAME "xlslib"
| #define PACKAGE_VERSION "2.4.0"
| #define PACKAGE_STRING "xlslib 2.4.0"
| #define PACKAGE_BUGREPORT "dhoerl@users.sourceforge.net"
| #define PACKAGE_URL ""
| #define PACKAGE "xlslib"
| #define VERSION "2.4.0"
| #define STDC_HEADERS 1
| #define HAVE_SYS_TYPES_H 1
| #define HAVE_SYS_STAT_H 1
| #define HAVE_STDLIB_H 1
| #define HAVE_STRING_H 1
| #define HAVE_MEMORY_H 1
| #define HAVE_STRINGS_H 1
| #define HAVE_INTTYPES_H 1
| #define HAVE_STDINT_H 1
| #define HAVE_UNISTD_H 1
| #define __EXTENSIONS__ 1
| #define _ALL_SOURCE 1
| #define _GNU_SOURCE 1
| #define _POSIX_PTHREAD_SEMANTICS 1
| #define _TANDEM_SOURCE 1
| #define HAVE_DLFCN_H 1
| #define LT_OBJDIR ".libs/"
| /* end confdefs.h.  */
| 
| /* Override any GCC internal prototype to avoid an error.
|    Use char because int might match the return type of a GCC
|    builtin and then its argument prototype would still apply.  */
| #ifdef __cplusplus
| extern "C"
| #endif
| char shl_load ();
| int
| main ()
| {
| return shl_load ();
|   ;
|   return 0;
| }
configure:11728: result: no
configure:11733: checking for dlopen
configure:11733: gcc -std=gnu99 -o conftest -g -O2   conftest.c  >&5
/tmp/ccNWY9dY.o: In function `main':
/home/sly/work/example/qt/xlslib/xlslib/conftest.c:62: undefined reference to `dlopen'
collect2: ld returned 1 exit status
configure:11733: $? = 1
configure: failed program was:
| /* confdefs.h */
| #define PACKAGE_NAME "xlslib"
| #define PACKAGE_TARNAME "xlslib"
| #define PACKAGE_VERSION "2.4.0"
| #define PACKAGE_STRING "xlslib 2.4.0"
| #define PACKAGE_BUGREPORT "dhoerl@users.sourceforge.net"
| #define PACKAGE_URL ""
| #define PACKAGE "xlslib"
| #define VERSION "2.4.0"
| #define STDC_HEADERS 1
| #define HAVE_SYS_TYPES_H 1
| #define HAVE_SYS_STAT_H 1
| #define HAVE_STDLIB_H 1
| #define HAVE_STRING_H 1
| #define HAVE_MEMORY_H 1
| #define HAVE_STRINGS_H 1
| #define HAVE_INTTYPES_H 1
| #define HAVE_STDINT_H 1
| #define HAVE_UNISTD_H 1
| #define __EXTENSIONS__ 1
| #define _ALL_SOURCE 1
| #define _GNU_SOURCE 1
| #define _POSIX_PTHREAD_SEMANTICS 1
| #define _TANDEM_SOURCE 1
| #define HAVE_DLFCN_H 1
| #define LT_OBJDIR ".libs/"
| /* end confdefs.h.  */
| /* Define dlopen to an innocuous variant, in case <limits.h> declares dlopen.
|    For example, HP-UX 11i <limits.h> declares gettimeofday.  */
| #define dlopen innocuous_dlopen
| 
| /* System header to define __stub macros and hopefully few prototypes,
|     which can conflict with char dlopen (); below.
|     Prefer <limits.h> to <assert.h> if __STDC__ is defined, since
|     <limits.h> exists even on freestanding compilers.  */
| 
| #ifdef __STDC__
| # include <limits.h>
| #else
| # include <assert.h>
| #endif
| 
| #undef dlopen
| 
| /* Override any GCC internal prototype to avoid an error.
|    Use char because int might match the return type of a GCC
|    builtin and then its argument prototype would still apply.  */
| #ifdef __cplusplus
| extern "C"
| #endif
| char dlopen ();
| /* The GNU C library defines this for functions which it implements
|     to always fail with ENOSYS.  Some functions are actually named
|     something starting with __ and the normal name is an alias.  */
| #if defined __stub_dlopen || defined __stub___dlopen
| choke me
| #endif
| 
| int
| main ()
| {
| return dlopen ();
|   ;
|   return 0;
| }
configure:11733: result: no
configure:11737: checking for dlopen in -ldl
configure:11762: gcc -std=gnu99 -o conftest -g -O2   conftest.c -ldl   >&5
configure:11762: $? = 0
configure:11771: result: yes
configure:11890: checking whether a program can dlopen itself
configure:11970: gcc -std=gnu99 -o conftest -g -O2  -DHAVE_DLFCN_H  -Wl,--export-dynamic conftest.c -ldl  >&5
configure:11973: $? = 0
configure:11991: result: yes
configure:11996: checking whether a statically linked program can dlopen itself
configure:12076: gcc -std=gnu99 -o conftest -g -O2  -DHAVE_DLFCN_H  -Wl,--export-dynamic  conftest.c -ldl  >&5
configure:12079: $? = 0
configure:12097: result: yes
configure:12136: checking whether stripping libraries is possible
configure:12141: result: yes
configure:12176: checking if libtool supports shared libraries
configure:12178: result: yes
configure:12181: checking whether to build shared libraries
configure:12202: result: yes
configure:12205: checking whether to build static libraries
configure:12209: result: yes
configure:12232: checking how to run the C++ preprocessor
configure:12259: g++ -E  conftest.cpp
configure:12259: $? = 0
configure:12273: g++ -E  conftest.cpp
conftest.cpp:28:28: error: ac_nonexistent.h: No such file or directory
configure:12273: $? = 1
configure: failed program was:
| /* confdefs.h */
| #define PACKAGE_NAME "xlslib"
| #define PACKAGE_TARNAME "xlslib"
| #define PACKAGE_VERSION "2.4.0"
| #define PACKAGE_STRING "xlslib 2.4.0"
| #define PACKAGE_BUGREPORT "dhoerl@users.sourceforge.net"
| #define PACKAGE_URL ""
| #define PACKAGE "xlslib"
| #define VERSION "2.4.0"
| #define STDC_HEADERS 1
| #define HAVE_SYS_TYPES_H 1
| #define HAVE_SYS_STAT_H 1
| #define HAVE_STDLIB_H 1
| #define HAVE_STRING_H 1
| #define HAVE_MEMORY_H 1
| #define HAVE_STRINGS_H 1
| #define HAVE_INTTYPES_H 1
| #define HAVE_STDINT_H 1
| #define HAVE_UNISTD_H 1
| #define __EXTENSIONS__ 1
| #define _ALL_SOURCE 1
| #define _GNU_SOURCE 1
| #define _POSIX_PTHREAD_SEMANTICS 1
| #define _TANDEM_SOURCE 1
| #define HAVE_DLFCN_H 1
| #define LT_OBJDIR ".libs/"
| /* end confdefs.h.  */
| #include <ac_nonexistent.h>
configure:12298: result: g++ -E
configure:12318: g++ -E  conftest.cpp
configure:12318: $? = 0
configure:12332: g++ -E  conftest.cpp
conftest.cpp:28:28: error: ac_nonexistent.h: No such file or directory
configure:12332: $? = 1
configure: failed program was:
| /* confdefs.h */
| #define PACKAGE_NAME "xlslib"
| #define PACKAGE_TARNAME "xlslib"
| #define PACKAGE_VERSION "2.4.0"
| #define PACKAGE_STRING "xlslib 2.4.0"
| #define PACKAGE_BUGREPORT "dhoerl@users.sourceforge.net"
| #define PACKAGE_URL ""
| #define PACKAGE "xlslib"
| #define VERSION "2.4.0"
| #define STDC_HEADERS 1
| #define HAVE_SYS_TYPES_H 1
| #define HAVE_SYS_STAT_H 1
| #define HAVE_STDLIB_H 1
| #define HAVE_STRING_H 1
| #define HAVE_MEMORY_H 1
| #define HAVE_STRINGS_H 1
| #define HAVE_INTTYPES_H 1
| #define HAVE_STDINT_H 1
| #define HAVE_UNISTD_H 1
| #define __EXTENSIONS__ 1
| #define _ALL_SOURCE 1
| #define _GNU_SOURCE 1
| #define _POSIX_PTHREAD_SEMANTICS 1
| #define _TANDEM_SOURCE 1
| #define HAVE_DLFCN_H 1
| #define LT_OBJDIR ".libs/"
| /* end confdefs.h.  */
| #include <ac_nonexistent.h>
configure:12500: checking for ld used by g++
configure:12567: result: /usr/bin/ld -m elf_x86_64
configure:12574: checking if the linker (/usr/bin/ld -m elf_x86_64) is GNU ld
configure:12589: result: yes
configure:12644: checking whether the g++ linker (/usr/bin/ld -m elf_x86_64) supports shared libraries
configure:13576: result: yes
configure:13604: g++ -c -g -O2  conftest.cpp >&5
configure:13607: $? = 0
configure:13789: checking for g++ option to produce PIC
configure:14111: result: -fPIC -DPIC
configure:14120: checking if g++ PIC flag -fPIC -DPIC works
configure:14138: g++ -c -g -O2  -fPIC -DPIC -DPIC conftest.cpp >&5
configure:14142: $? = 0
configure:14155: result: yes
configure:14176: checking if g++ static flag -static works
configure:14204: result: no
configure:14216: checking if g++ supports -c -o file.o
configure:14237: g++ -c -g -O2  -o out/conftest2.o conftest.cpp >&5
configure:14241: $? = 0
configure:14263: result: yes
configure:14268: checking if g++ supports -c -o file.o
configure:14315: result: yes
configure:14345: checking whether the g++ linker (/usr/bin/ld -m elf_x86_64) supports shared libraries
configure:14373: result: yes
configure:14516: checking dynamic linker characteristics
configure:15127: result: GNU/Linux ld.so
configure:15180: checking how to hardcode library paths into programs
configure:15205: result: immediate
configure:15275: checking wchar.h usability
configure:15275: gcc -std=gnu99 -c -g -O2  conftest.c >&5
configure:15275: $? = 0
configure:15275: result: yes
configure:15275: checking wchar.h presence
configure:15275: gcc -std=gnu99 -E  conftest.c
configure:15275: $? = 0
configure:15275: result: yes
configure:15275: checking for wchar.h
configure:15275: result: yes
configure:15275: checking for stdint.h
configure:15275: result: yes
configure:15275: checking for inttypes.h
configure:15275: result: yes
configure:15275: checking stdbool.h usability
configure:15275: gcc -std=gnu99 -c -g -O2  conftest.c >&5
configure:15275: $? = 0
configure:15275: result: yes
configure:15275: checking stdbool.h presence
configure:15275: gcc -std=gnu99 -E  conftest.c
configure:15275: $? = 0
configure:15275: result: yes
configure:15275: checking for stdbool.h
configure:15275: result: yes
configure:15275: checking malloc.h usability
configure:15275: gcc -std=gnu99 -c -g -O2  conftest.c >&5
configure:15275: $? = 0
configure:15275: result: yes
configure:15275: checking malloc.h presence
configure:15275: gcc -std=gnu99 -E  conftest.c
configure:15275: $? = 0
configure:15275: result: yes
configure:15275: checking for malloc.h
configure:15275: result: yes
configure:15275: checking for memory.h
configure:15275: result: yes
configure:15275: checking for string.h
configure:15275: result: yes
configure:15275: checking for strings.h
configure:15275: result: yes
configure:15275: checking for unistd.h
configure:15275: result: yes
configure:15289: checking ctype.h usability
configure:15289: gcc -std=gnu99 -c -g -O2  conftest.c >&5
configure:15289: $? = 0
configure:15289: result: yes
configure:15289: checking ctype.h presence
configure:15289: gcc -std=gnu99 -E  conftest.c
configure:15289: $? = 0
configure:15289: result: yes
configure:15289: checking for ctype.h
configure:15289: result: yes
configure:15289: checking for sys/types.h
configure:15289: result: yes
configure:15289: checking crtdbg.h usability
configure:15289: gcc -std=gnu99 -c -g -O2  conftest.c >&5
conftest.c:72:20: error: crtdbg.h: No such file or directory
configure:15289: $? = 1
configure: failed program was:
| /* confdefs.h */
| #define PACKAGE_NAME "xlslib"
| #define PACKAGE_TARNAME "xlslib"
| #define PACKAGE_VERSION "2.4.0"
| #define PACKAGE_STRING "xlslib 2.4.0"
| #define PACKAGE_BUGREPORT "dhoerl@users.sourceforge.net"
| #define PACKAGE_URL ""
| #define PACKAGE "xlslib"
| #define VERSION "2.4.0"
| #define STDC_HEADERS 1
| #define HAVE_SYS_TYPES_H 1
| #define HAVE_SYS_STAT_H 1
| #define HAVE_STDLIB_H 1
| #define HAVE_STRING_H 1
| #define HAVE_MEMORY_H 1
| #define HAVE_STRINGS_H 1
| #define HAVE_INTTYPES_H 1
| #define HAVE_STDINT_H 1
| #define HAVE_UNISTD_H 1
| #define __EXTENSIONS__ 1
| #define _ALL_SOURCE 1
| #define _GNU_SOURCE 1
| #define _POSIX_PTHREAD_SEMANTICS 1
| #define _TANDEM_SOURCE 1
| #define HAVE_DLFCN_H 1
| #define LT_OBJDIR ".libs/"
| #define HAVE_WCHAR_H 1
| #define HAVE_STDINT_H 1
| #define HAVE_INTTYPES_H 1
| #define HAVE_STDBOOL_H 1
| #define HAVE_MALLOC_H 1
| #define HAVE_MEMORY_H 1
| #define HAVE_STRING_H 1
| #define HAVE_STRINGS_H 1
| #define HAVE_UNISTD_H 1
| #define HAVE_CTYPE_H 1
| #define HAVE_SYS_TYPES_H 1
| /* end confdefs.h.  */
| #include <stdio.h>
| #ifdef HAVE_SYS_TYPES_H
| # include <sys/types.h>
| #endif
| #ifdef HAVE_SYS_STAT_H
| # include <sys/stat.h>
| #endif
| #ifdef STDC_HEADERS
| # include <stdlib.h>
| # include <stddef.h>
| #else
| # ifdef HAVE_STDLIB_H
| #  include <stdlib.h>
| # endif
| #endif
| #ifdef HAVE_STRING_H
| # if !defined STDC_HEADERS && defined HAVE_MEMORY_H
| #  include <memory.h>
| # endif
| # include <string.h>
| #endif
| #ifdef HAVE_STRINGS_H
| # include <strings.h>
| #endif
| #ifdef HAVE_INTTYPES_H
| # include <inttypes.h>
| #endif
| #ifdef HAVE_STDINT_H
| # include <stdint.h>
| #endif
| #ifdef HAVE_UNISTD_H
| # include <unistd.h>
| #endif
| #include <crtdbg.h>
configure:15289: result: no
configure:15289: checking crtdbg.h presence
configure:15289: gcc -std=gnu99 -E  conftest.c
conftest.c:39:20: error: crtdbg.h: No such file or directory
configure:15289: $? = 1
configure: failed program was:
| /* confdefs.h */
| #define PACKAGE_NAME "xlslib"
| #define PACKAGE_TARNAME "xlslib"
| #define PACKAGE_VERSION "2.4.0"
| #define PACKAGE_STRING "xlslib 2.4.0"
| #define PACKAGE_BUGREPORT "dhoerl@users.sourceforge.net"
| #define PACKAGE_URL ""
| #define PACKAGE "xlslib"
| #define VERSION "2.4.0"
| #define STDC_HEADERS 1
| #define HAVE_SYS_TYPES_H 1
| #define HAVE_SYS_STAT_H 1
| #define HAVE_STDLIB_H 1
| #define HAVE_STRING_H 1
| #define HAVE_MEMORY_H 1
| #define HAVE_STRINGS_H 1
| #define HAVE_INTTYPES_H 1
| #define HAVE_STDINT_H 1
| #define HAVE_UNISTD_H 1
| #define __EXTENSIONS__ 1
| #define _ALL_SOURCE 1
| #define _GNU_SOURCE 1
| #define _POSIX_PTHREAD_SEMANTICS 1
| #define _TANDEM_SOURCE 1
| #define HAVE_DLFCN_H 1
| #define LT_OBJDIR ".libs/"
| #define HAVE_WCHAR_H 1
| #define HAVE_STDINT_H 1
| #define HAVE_INTTYPES_H 1
| #define HAVE_STDBOOL_H 1
| #define HAVE_MALLOC_H 1
| #define HAVE_MEMORY_H 1
| #define HAVE_STRING_H 1
| #define HAVE_STRINGS_H 1
| #define HAVE_UNISTD_H 1
| #define HAVE_CTYPE_H 1
| #define HAVE_SYS_TYPES_H 1
| /* end confdefs.h.  */
| #include <crtdbg.h>
configure:15289: result: no
configure:15289: checking for crtdbg.h
configure:15289: result: no
configure:15289: checking crt_externs.h usability
configure:15289: gcc -std=gnu99 -c -g -O2  conftest.c >&5
conftest.c:72:25: error: crt_externs.h: No such file or directory
configure:15289: $? = 1
configure: failed program was:
| /* confdefs.h */
| #define PACKAGE_NAME "xlslib"
| #define PACKAGE_TARNAME "xlslib"
| #define PACKAGE_VERSION "2.4.0"
| #define PACKAGE_STRING "xlslib 2.4.0"
| #define PACKAGE_BUGREPORT "dhoerl@users.sourceforge.net"
| #define PACKAGE_URL ""
| #define PACKAGE "xlslib"
| #define VERSION "2.4.0"
| #define STDC_HEADERS 1
| #define HAVE_SYS_TYPES_H 1
| #define HAVE_SYS_STAT_H 1
| #define HAVE_STDLIB_H 1
| #define HAVE_STRING_H 1
| #define HAVE_MEMORY_H 1
| #define HAVE_STRINGS_H 1
| #define HAVE_INTTYPES_H 1
| #define HAVE_STDINT_H 1
| #define HAVE_UNISTD_H 1
| #define __EXTENSIONS__ 1
| #define _ALL_SOURCE 1
| #define _GNU_SOURCE 1
| #define _POSIX_PTHREAD_SEMANTICS 1
| #define _TANDEM_SOURCE 1
| #define HAVE_DLFCN_H 1
| #define LT_OBJDIR ".libs/"
| #define HAVE_WCHAR_H 1
| #define HAVE_STDINT_H 1
| #define HAVE_INTTYPES_H 1
| #define HAVE_STDBOOL_H 1
| #define HAVE_MALLOC_H 1
| #define HAVE_MEMORY_H 1
| #define HAVE_STRING_H 1
| #define HAVE_STRINGS_H 1
| #define HAVE_UNISTD_H 1
| #define HAVE_CTYPE_H 1
| #define HAVE_SYS_TYPES_H 1
| /* end confdefs.h.  */
| #include <stdio.h>
| #ifdef HAVE_SYS_TYPES_H
| # include <sys/types.h>
| #endif
| #ifdef HAVE_SYS_STAT_H
| # include <sys/stat.h>
| #endif
| #ifdef STDC_HEADERS
| # include <stdlib.h>
| # include <stddef.h>
| #else
| # ifdef HAVE_STDLIB_H
| #  include <stdlib.h>
| # endif
| #endif
| #ifdef HAVE_STRING_H
| # if !defined STDC_HEADERS && defined HAVE_MEMORY_H
| #  include <memory.h>
| # endif
| # include <string.h>
| #endif
| #ifdef HAVE_STRINGS_H
| # include <strings.h>
| #endif
| #ifdef HAVE_INTTYPES_H
| # include <inttypes.h>
| #endif
| #ifdef HAVE_STDINT_H
| # include <stdint.h>
| #endif
| #ifdef HAVE_UNISTD_H
| # include <unistd.h>
| #endif
| #include <crt_externs.h>
configure:15289: result: no
configure:15289: checking crt_externs.h presence
configure:15289: gcc -std=gnu99 -E  conftest.c
conftest.c:39:25: error: crt_externs.h: No such file or directory
configure:15289: $? = 1
configure: failed program was:
| /* confdefs.h */
| #define PACKAGE_NAME "xlslib"
| #define PACKAGE_TARNAME "xlslib"
| #define PACKAGE_VERSION "2.4.0"
| #define PACKAGE_STRING "xlslib 2.4.0"
| #define PACKAGE_BUGREPORT "dhoerl@users.sourceforge.net"
| #define PACKAGE_URL ""
| #define PACKAGE "xlslib"
| #define VERSION "2.4.0"
| #define STDC_HEADERS 1
| #define HAVE_SYS_TYPES_H 1
| #define HAVE_SYS_STAT_H 1
| #define HAVE_STDLIB_H 1
| #define HAVE_STRING_H 1
| #define HAVE_MEMORY_H 1
| #define HAVE_STRINGS_H 1
| #define HAVE_INTTYPES_H 1
| #define HAVE_STDINT_H 1
| #define HAVE_UNISTD_H 1
| #define __EXTENSIONS__ 1
| #define _ALL_SOURCE 1
| #define _GNU_SOURCE 1
| #define _POSIX_PTHREAD_SEMANTICS 1
| #define _TANDEM_SOURCE 1
| #define HAVE_DLFCN_H 1
| #define LT_OBJDIR ".libs/"
| #define HAVE_WCHAR_H 1
| #define HAVE_STDINT_H 1
| #define HAVE_INTTYPES_H 1
| #define HAVE_STDBOOL_H 1
| #define HAVE_MALLOC_H 1
| #define HAVE_MEMORY_H 1
| #define HAVE_STRING_H 1
| #define HAVE_STRINGS_H 1
| #define HAVE_UNISTD_H 1
| #define HAVE_CTYPE_H 1
| #define HAVE_SYS_TYPES_H 1
| /* end confdefs.h.  */
| #include <crt_externs.h>
configure:15289: result: no
configure:15289: checking for crt_externs.h
configure:15289: result: no
configure:15289: checking windows.h usability
configure:15289: gcc -std=gnu99 -c -g -O2  conftest.c >&5
conftest.c:72:21: error: windows.h: No such file or directory
configure:15289: $? = 1
configure: failed program was:
| /* confdefs.h */
| #define PACKAGE_NAME "xlslib"
| #define PACKAGE_TARNAME "xlslib"
| #define PACKAGE_VERSION "2.4.0"
| #define PACKAGE_STRING "xlslib 2.4.0"
| #define PACKAGE_BUGREPORT "dhoerl@users.sourceforge.net"
| #define PACKAGE_URL ""
| #define PACKAGE "xlslib"
| #define VERSION "2.4.0"
| #define STDC_HEADERS 1
| #define HAVE_SYS_TYPES_H 1
| #define HAVE_SYS_STAT_H 1
| #define HAVE_STDLIB_H 1
| #define HAVE_STRING_H 1
| #define HAVE_MEMORY_H 1
| #define HAVE_STRINGS_H 1
| #define HAVE_INTTYPES_H 1
| #define HAVE_STDINT_H 1
| #define HAVE_UNISTD_H 1
| #define __EXTENSIONS__ 1
| #define _ALL_SOURCE 1
| #define _GNU_SOURCE 1
| #define _POSIX_PTHREAD_SEMANTICS 1
| #define _TANDEM_SOURCE 1
| #define HAVE_DLFCN_H 1
| #define LT_OBJDIR ".libs/"
| #define HAVE_WCHAR_H 1
| #define HAVE_STDINT_H 1
| #define HAVE_INTTYPES_H 1
| #define HAVE_STDBOOL_H 1
| #define HAVE_MALLOC_H 1
| #define HAVE_MEMORY_H 1
| #define HAVE_STRING_H 1
| #define HAVE_STRINGS_H 1
| #define HAVE_UNISTD_H 1
| #define HAVE_CTYPE_H 1
| #define HAVE_SYS_TYPES_H 1
| /* end confdefs.h.  */
| #include <stdio.h>
| #ifdef HAVE_SYS_TYPES_H
| # include <sys/types.h>
| #endif
| #ifdef HAVE_SYS_STAT_H
| # include <sys/stat.h>
| #endif
| #ifdef STDC_HEADERS
| # include <stdlib.h>
| # include <stddef.h>
| #else
| # ifdef HAVE_STDLIB_H
| #  include <stdlib.h>
| # endif
| #endif
| #ifdef HAVE_STRING_H
| # if !defined STDC_HEADERS && defined HAVE_MEMORY_H
| #  include <memory.h>
| # endif
| # include <string.h>
| #endif
| #ifdef HAVE_STRINGS_H
| # include <strings.h>
| #endif
| #ifdef HAVE_INTTYPES_H
| # include <inttypes.h>
| #endif
| #ifdef HAVE_STDINT_H
| # include <stdint.h>
| #endif
| #ifdef HAVE_UNISTD_H
| # include <unistd.h>
| #endif
| #include <windows.h>
configure:15289: result: no
configure:15289: checking windows.h presence
configure:15289: gcc -std=gnu99 -E  conftest.c
conftest.c:39:21: error: windows.h: No such file or directory
configure:15289: $? = 1
configure: failed program was:
| /* confdefs.h */
| #define PACKAGE_NAME "xlslib"
| #define PACKAGE_TARNAME "xlslib"
| #define PACKAGE_VERSION "2.4.0"
| #define PACKAGE_STRING "xlslib 2.4.0"
| #define PACKAGE_BUGREPORT "dhoerl@users.sourceforge.net"
| #define PACKAGE_URL ""
| #define PACKAGE "xlslib"
| #define VERSION "2.4.0"
| #define STDC_HEADERS 1
| #define HAVE_SYS_TYPES_H 1
| #define HAVE_SYS_STAT_H 1
| #define HAVE_STDLIB_H 1
| #define HAVE_STRING_H 1
| #define HAVE_MEMORY_H 1
| #define HAVE_STRINGS_H 1
| #define HAVE_INTTYPES_H 1
| #define HAVE_STDINT_H 1
| #define HAVE_UNISTD_H 1
| #define __EXTENSIONS__ 1
| #define _ALL_SOURCE 1
| #define _GNU_SOURCE 1
| #define _POSIX_PTHREAD_SEMANTICS 1
| #define _TANDEM_SOURCE 1
| #define HAVE_DLFCN_H 1
| #define LT_OBJDIR ".libs/"
| #define HAVE_WCHAR_H 1
| #define HAVE_STDINT_H 1
| #define HAVE_INTTYPES_H 1
| #define HAVE_STDBOOL_H 1
| #define HAVE_MALLOC_H 1
| #define HAVE_MEMORY_H 1
| #define HAVE_STRING_H 1
| #define HAVE_STRINGS_H 1
| #define HAVE_UNISTD_H 1
| #define HAVE_CTYPE_H 1
| #define HAVE_SYS_TYPES_H 1
| /* end confdefs.h.  */
| #include <windows.h>
configure:15289: result: no
configure:15289: checking for windows.h
configure:15289: result: no
configure:15301: checking for stdbool.h that conforms to C99
configure:15375: result: yes
configure:15377: checking for _Bool
configure:15377: gcc -std=gnu99 -c -g -O2  conftest.c >&5
configure:15377: $? = 0
configure:15377: gcc -std=gnu99 -c -g -O2  conftest.c >&5
conftest.c: In function 'main':
conftest.c:75: error: expected expression before ')' token
configure:15377: $? = 1
configure: failed program was:
| /* confdefs.h */
| #define PACKAGE_NAME "xlslib"
| #define PACKAGE_TARNAME "xlslib"
| #define PACKAGE_VERSION "2.4.0"
| #define PACKAGE_STRING "xlslib 2.4.0"
| #define PACKAGE_BUGREPORT "dhoerl@users.sourceforge.net"
| #define PACKAGE_URL ""
| #define PACKAGE "xlslib"
| #define VERSION "2.4.0"
| #define STDC_HEADERS 1
| #define HAVE_SYS_TYPES_H 1
| #define HAVE_SYS_STAT_H 1
| #define HAVE_STDLIB_H 1
| #define HAVE_STRING_H 1
| #define HAVE_MEMORY_H 1
| #define HAVE_STRINGS_H 1
| #define HAVE_INTTYPES_H 1
| #define HAVE_STDINT_H 1
| #define HAVE_UNISTD_H 1
| #define __EXTENSIONS__ 1
| #define _ALL_SOURCE 1
| #define _GNU_SOURCE 1
| #define _POSIX_PTHREAD_SEMANTICS 1
| #define _TANDEM_SOURCE 1
| #define HAVE_DLFCN_H 1
| #define LT_OBJDIR ".libs/"
| #define HAVE_WCHAR_H 1
| #define HAVE_STDINT_H 1
| #define HAVE_INTTYPES_H 1
| #define HAVE_STDBOOL_H 1
| #define HAVE_MALLOC_H 1
| #define HAVE_MEMORY_H 1
| #define HAVE_STRING_H 1
| #define HAVE_STRINGS_H 1
| #define HAVE_UNISTD_H 1
| #define HAVE_CTYPE_H 1
| #define HAVE_SYS_TYPES_H 1
| /* end confdefs.h.  */
| #include <stdio.h>
| #ifdef HAVE_SYS_TYPES_H
| # include <sys/types.h>
| #endif
| #ifdef HAVE_SYS_STAT_H
| # include <sys/stat.h>
| #endif
| #ifdef STDC_HEADERS
| # include <stdlib.h>
| # include <stddef.h>
| #else
| # ifdef HAVE_STDLIB_H
| #  include <stdlib.h>
| # endif
| #endif
| #ifdef HAVE_STRING_H
| # if !defined STDC_HEADERS && defined HAVE_MEMORY_H
| #  include <memory.h>
| # endif
| # include <string.h>
| #endif
| #ifdef HAVE_STRINGS_H
| # include <strings.h>
| #endif
| #ifdef HAVE_INTTYPES_H
| # include <inttypes.h>
| #endif
| #ifdef HAVE_STDINT_H
| # include <stdint.h>
| #endif
| #ifdef HAVE_UNISTD_H
| # include <unistd.h>
| #endif
| int
| main ()
| {
| if (sizeof ((_Bool)))
| 	    return 0;
|   ;
|   return 0;
| }
configure:15377: result: yes
configure:15394: checking for an ANSI C-conforming const
configure:15460: gcc -std=gnu99 -c -g -O2  conftest.c >&5
configure:15460: $? = 0
configure:15467: result: yes
configure:15475: checking for inline
configure:15491: gcc -std=gnu99 -c -g -O2  conftest.c >&5
configure:15491: $? = 0
configure:15499: result: inline
configure:15517: checking for int16_t
configure:15517: gcc -std=gnu99 -c -g -O2  conftest.c >&5
configure:15517: $? = 0
configure:15517: gcc -std=gnu99 -c -g -O2  conftest.c >&5
conftest.c: In function 'main':
conftest.c:79: error: size of array 'test_array' is negative
configure:15517: $? = 1
configure: failed program was:
| /* confdefs.h */
| #define PACKAGE_NAME "xlslib"
| #define PACKAGE_TARNAME "xlslib"
| #define PACKAGE_VERSION "2.4.0"
| #define PACKAGE_STRING "xlslib 2.4.0"
| #define PACKAGE_BUGREPORT "dhoerl@users.sourceforge.net"
| #define PACKAGE_URL ""
| #define PACKAGE "xlslib"
| #define VERSION "2.4.0"
| #define STDC_HEADERS 1
| #define HAVE_SYS_TYPES_H 1
| #define HAVE_SYS_STAT_H 1
| #define HAVE_STDLIB_H 1
| #define HAVE_STRING_H 1
| #define HAVE_MEMORY_H 1
| #define HAVE_STRINGS_H 1
| #define HAVE_INTTYPES_H 1
| #define HAVE_STDINT_H 1
| #define HAVE_UNISTD_H 1
| #define __EXTENSIONS__ 1
| #define _ALL_SOURCE 1
| #define _GNU_SOURCE 1
| #define _POSIX_PTHREAD_SEMANTICS 1
| #define _TANDEM_SOURCE 1
| #define HAVE_DLFCN_H 1
| #define LT_OBJDIR ".libs/"
| #define HAVE_WCHAR_H 1
| #define HAVE_STDINT_H 1
| #define HAVE_INTTYPES_H 1
| #define HAVE_STDBOOL_H 1
| #define HAVE_MALLOC_H 1
| #define HAVE_MEMORY_H 1
| #define HAVE_STRING_H 1
| #define HAVE_STRINGS_H 1
| #define HAVE_UNISTD_H 1
| #define HAVE_CTYPE_H 1
| #define HAVE_SYS_TYPES_H 1
| #define HAVE__BOOL 1
| #define HAVE_STDBOOL_H 1
| /* end confdefs.h.  */
| #include <stdio.h>
| #ifdef HAVE_SYS_TYPES_H
| # include <sys/types.h>
| #endif
| #ifdef HAVE_SYS_STAT_H
| # include <sys/stat.h>
| #endif
| #ifdef STDC_HEADERS
| # include <stdlib.h>
| # include <stddef.h>
| #else
| # ifdef HAVE_STDLIB_H
| #  include <stdlib.h>
| # endif
| #endif
| #ifdef HAVE_STRING_H
| # if !defined STDC_HEADERS && defined HAVE_MEMORY_H
| #  include <memory.h>
| # endif
| # include <string.h>
| #endif
| #ifdef HAVE_STRINGS_H
| # include <strings.h>
| #endif
| #ifdef HAVE_INTTYPES_H
| # include <inttypes.h>
| #endif
| #ifdef HAVE_STDINT_H
| # include <stdint.h>
| #endif
| #ifdef HAVE_UNISTD_H
| # include <unistd.h>
| #endif
| 	        enum { N = 16 / 2 - 1 };
| int
| main ()
| {
| static int test_array [1 - 2 * !((int16_t) (((((int16_t) 1 << N) << N) - 1) * 2 + 1)
| 		 < (int16_t) (((((int16_t) 1 << N) << N) - 1) * 2 + 2))];
| test_array [0] = 0;
| return test_array [0];
| 
|   ;
|   return 0;
| }
configure:15517: result: yes
configure:15528: checking for int32_t
configure:15528: gcc -std=gnu99 -c -g -O2  conftest.c >&5
configure:15528: $? = 0
configure:15528: gcc -std=gnu99 -c -g -O2  conftest.c >&5
conftest.c: In function 'main':
conftest.c:79: warning: integer overflow in expression
conftest.c:79: error: size of array 'test_array' is negative
configure:15528: $? = 1
configure: failed program was:
| /* confdefs.h */
| #define PACKAGE_NAME "xlslib"
| #define PACKAGE_TARNAME "xlslib"
| #define PACKAGE_VERSION "2.4.0"
| #define PACKAGE_STRING "xlslib 2.4.0"
| #define PACKAGE_BUGREPORT "dhoerl@users.sourceforge.net"
| #define PACKAGE_URL ""
| #define PACKAGE "xlslib"
| #define VERSION "2.4.0"
| #define STDC_HEADERS 1
| #define HAVE_SYS_TYPES_H 1
| #define HAVE_SYS_STAT_H 1
| #define HAVE_STDLIB_H 1
| #define HAVE_STRING_H 1
| #define HAVE_MEMORY_H 1
| #define HAVE_STRINGS_H 1
| #define HAVE_INTTYPES_H 1
| #define HAVE_STDINT_H 1
| #define HAVE_UNISTD_H 1
| #define __EXTENSIONS__ 1
| #define _ALL_SOURCE 1
| #define _GNU_SOURCE 1
| #define _POSIX_PTHREAD_SEMANTICS 1
| #define _TANDEM_SOURCE 1
| #define HAVE_DLFCN_H 1
| #define LT_OBJDIR ".libs/"
| #define HAVE_WCHAR_H 1
| #define HAVE_STDINT_H 1
| #define HAVE_INTTYPES_H 1
| #define HAVE_STDBOOL_H 1
| #define HAVE_MALLOC_H 1
| #define HAVE_MEMORY_H 1
| #define HAVE_STRING_H 1
| #define HAVE_STRINGS_H 1
| #define HAVE_UNISTD_H 1
| #define HAVE_CTYPE_H 1
| #define HAVE_SYS_TYPES_H 1
| #define HAVE__BOOL 1
| #define HAVE_STDBOOL_H 1
| /* end confdefs.h.  */
| #include <stdio.h>
| #ifdef HAVE_SYS_TYPES_H
| # include <sys/types.h>
| #endif
| #ifdef HAVE_SYS_STAT_H
| # include <sys/stat.h>
| #endif
| #ifdef STDC_HEADERS
| # include <stdlib.h>
| # include <stddef.h>
| #else
| # ifdef HAVE_STDLIB_H
| #  include <stdlib.h>
| # endif
| #endif
| #ifdef HAVE_STRING_H
| # if !defined STDC_HEADERS && defined HAVE_MEMORY_H
| #  include <memory.h>
| # endif
| # include <string.h>
| #endif
| #ifdef HAVE_STRINGS_H
| # include <strings.h>
| #endif
| #ifdef HAVE_INTTYPES_H
| # include <inttypes.h>
| #endif
| #ifdef HAVE_STDINT_H
| # include <stdint.h>
| #endif
| #ifdef HAVE_UNISTD_H
| # include <unistd.h>
| #endif
| 	        enum { N = 32 / 2 - 1 };
| int
| main ()
| {
| static int test_array [1 - 2 * !((int32_t) (((((int32_t) 1 << N) << N) - 1) * 2 + 1)
| 		 < (int32_t) (((((int32_t) 1 << N) << N) - 1) * 2 + 2))];
| test_array [0] = 0;
| return test_array [0];
| 
|   ;
|   return 0;
| }
configure:15528: result: yes
configure:15539: checking for int64_t
configure:15539: gcc -std=gnu99 -c -g -O2  conftest.c >&5
configure:15539: $? = 0
configure:15539: gcc -std=gnu99 -c -g -O2  conftest.c >&5
conftest.c: In function 'main':
conftest.c:79: warning: integer overflow in expression
conftest.c:79: error: size of array 'test_array' is negative
configure:15539: $? = 1
configure: failed program was:
| /* confdefs.h */
| #define PACKAGE_NAME "xlslib"
| #define PACKAGE_TARNAME "xlslib"
| #define PACKAGE_VERSION "2.4.0"
| #define PACKAGE_STRING "xlslib 2.4.0"
| #define PACKAGE_BUGREPORT "dhoerl@users.sourceforge.net"
| #define PACKAGE_URL ""
| #define PACKAGE "xlslib"
| #define VERSION "2.4.0"
| #define STDC_HEADERS 1
| #define HAVE_SYS_TYPES_H 1
| #define HAVE_SYS_STAT_H 1
| #define HAVE_STDLIB_H 1
| #define HAVE_STRING_H 1
| #define HAVE_MEMORY_H 1
| #define HAVE_STRINGS_H 1
| #define HAVE_INTTYPES_H 1
| #define HAVE_STDINT_H 1
| #define HAVE_UNISTD_H 1
| #define __EXTENSIONS__ 1
| #define _ALL_SOURCE 1
| #define _GNU_SOURCE 1
| #define _POSIX_PTHREAD_SEMANTICS 1
| #define _TANDEM_SOURCE 1
| #define HAVE_DLFCN_H 1
| #define LT_OBJDIR ".libs/"
| #define HAVE_WCHAR_H 1
| #define HAVE_STDINT_H 1
| #define HAVE_INTTYPES_H 1
| #define HAVE_STDBOOL_H 1
| #define HAVE_MALLOC_H 1
| #define HAVE_MEMORY_H 1
| #define HAVE_STRING_H 1
| #define HAVE_STRINGS_H 1
| #define HAVE_UNISTD_H 1
| #define HAVE_CTYPE_H 1
| #define HAVE_SYS_TYPES_H 1
| #define HAVE__BOOL 1
| #define HAVE_STDBOOL_H 1
| /* end confdefs.h.  */
| #include <stdio.h>
| #ifdef HAVE_SYS_TYPES_H
| # include <sys/types.h>
| #endif
| #ifdef HAVE_SYS_STAT_H
| # include <sys/stat.h>
| #endif
| #ifdef STDC_HEADERS
| # include <stdlib.h>
| # include <stddef.h>
| #else
| # ifdef HAVE_STDLIB_H
| #  include <stdlib.h>
| # endif
| #endif
| #ifdef HAVE_STRING_H
| # if !defined STDC_HEADERS && defined HAVE_MEMORY_H
| #  include <memory.h>
| # endif
| # include <string.h>
| #endif
| #ifdef HAVE_STRINGS_H
| # include <strings.h>
| #endif
| #ifdef HAVE_INTTYPES_H
| # include <inttypes.h>
| #endif
| #ifdef HAVE_STDINT_H
| # include <stdint.h>
| #endif
| #ifdef HAVE_UNISTD_H
| # include <unistd.h>
| #endif
| 	        enum { N = 64 / 2 - 1 };
| int
| main ()
| {
| static int test_array [1 - 2 * !((int64_t) (((((int64_t) 1 << N) << N) - 1) * 2 + 1)
| 		 < (int64_t) (((((int64_t) 1 << N) << N) - 1) * 2 + 2))];
| test_array [0] = 0;
| return test_array [0];
| 
|   ;
|   return 0;
| }
configure:15539: result: yes
configure:15550: checking for int8_t
configure:15550: gcc -std=gnu99 -c -g -O2  conftest.c >&5
configure:15550: $? = 0
configure:15550: gcc -std=gnu99 -c -g -O2  conftest.c >&5
conftest.c: In function 'main':
conftest.c:79: error: size of array 'test_array' is negative
configure:15550: $? = 1
configure: failed program was:
| /* confdefs.h */
| #define PACKAGE_NAME "xlslib"
| #define PACKAGE_TARNAME "xlslib"
| #define PACKAGE_VERSION "2.4.0"
| #define PACKAGE_STRING "xlslib 2.4.0"
| #define PACKAGE_BUGREPORT "dhoerl@users.sourceforge.net"
| #define PACKAGE_URL ""
| #define PACKAGE "xlslib"
| #define VERSION "2.4.0"
| #define STDC_HEADERS 1
| #define HAVE_SYS_TYPES_H 1
| #define HAVE_SYS_STAT_H 1
| #define HAVE_STDLIB_H 1
| #define HAVE_STRING_H 1
| #define HAVE_MEMORY_H 1
| #define HAVE_STRINGS_H 1
| #define HAVE_INTTYPES_H 1
| #define HAVE_STDINT_H 1
| #define HAVE_UNISTD_H 1
| #define __EXTENSIONS__ 1
| #define _ALL_SOURCE 1
| #define _GNU_SOURCE 1
| #define _POSIX_PTHREAD_SEMANTICS 1
| #define _TANDEM_SOURCE 1
| #define HAVE_DLFCN_H 1
| #define LT_OBJDIR ".libs/"
| #define HAVE_WCHAR_H 1
| #define HAVE_STDINT_H 1
| #define HAVE_INTTYPES_H 1
| #define HAVE_STDBOOL_H 1
| #define HAVE_MALLOC_H 1
| #define HAVE_MEMORY_H 1
| #define HAVE_STRING_H 1
| #define HAVE_STRINGS_H 1
| #define HAVE_UNISTD_H 1
| #define HAVE_CTYPE_H 1
| #define HAVE_SYS_TYPES_H 1
| #define HAVE__BOOL 1
| #define HAVE_STDBOOL_H 1
| /* end confdefs.h.  */
| #include <stdio.h>
| #ifdef HAVE_SYS_TYPES_H
| # include <sys/types.h>
| #endif
| #ifdef HAVE_SYS_STAT_H
| # include <sys/stat.h>
| #endif
| #ifdef STDC_HEADERS
| # include <stdlib.h>
| # include <stddef.h>
| #else
| # ifdef HAVE_STDLIB_H
| #  include <stdlib.h>
| # endif
| #endif
| #ifdef HAVE_STRING_H
| # if !defined STDC_HEADERS && defined HAVE_MEMORY_H
| #  include <memory.h>
| # endif
| # include <string.h>
| #endif
| #ifdef HAVE_STRINGS_H
| # include <strings.h>
| #endif
| #ifdef HAVE_INTTYPES_H
| # include <inttypes.h>
| #endif
| #ifdef HAVE_STDINT_H
| # include <stdint.h>
| #endif
| #ifdef HAVE_UNISTD_H
| # include <unistd.h>
| #endif
| 	        enum { N = 8 / 2 - 1 };
| int
| main ()
| {
| static int test_array [1 - 2 * !((int8_t) (((((int8_t) 1 << N) << N) - 1) * 2 + 1)
| 		 < (int8_t) (((((int8_t) 1 << N) << N) - 1) * 2 + 2))];
| test_array [0] = 0;
| return test_array [0];
| 
|   ;
|   return 0;
| }
configure:15550: result: yes
configure:15561: checking for size_t
configure:15561: gcc -std=gnu99 -c -g -O2  conftest.c >&5
configure:15561: $? = 0
configure:15561: gcc -std=gnu99 -c -g -O2  conftest.c >&5
conftest.c: In function 'main':
conftest.c:77: error: expected expression before ')' token
configure:15561: $? = 1
configure: failed program was:
| /* confdefs.h */
| #define PACKAGE_NAME "xlslib"
| #define PACKAGE_TARNAME "xlslib"
| #define PACKAGE_VERSION "2.4.0"
| #define PACKAGE_STRING "xlslib 2.4.0"
| #define PACKAGE_BUGREPORT "dhoerl@users.sourceforge.net"
| #define PACKAGE_URL ""
| #define PACKAGE "xlslib"
| #define VERSION "2.4.0"
| #define STDC_HEADERS 1
| #define HAVE_SYS_TYPES_H 1
| #define HAVE_SYS_STAT_H 1
| #define HAVE_STDLIB_H 1
| #define HAVE_STRING_H 1
| #define HAVE_MEMORY_H 1
| #define HAVE_STRINGS_H 1
| #define HAVE_INTTYPES_H 1
| #define HAVE_STDINT_H 1
| #define HAVE_UNISTD_H 1
| #define __EXTENSIONS__ 1
| #define _ALL_SOURCE 1
| #define _GNU_SOURCE 1
| #define _POSIX_PTHREAD_SEMANTICS 1
| #define _TANDEM_SOURCE 1
| #define HAVE_DLFCN_H 1
| #define LT_OBJDIR ".libs/"
| #define HAVE_WCHAR_H 1
| #define HAVE_STDINT_H 1
| #define HAVE_INTTYPES_H 1
| #define HAVE_STDBOOL_H 1
| #define HAVE_MALLOC_H 1
| #define HAVE_MEMORY_H 1
| #define HAVE_STRING_H 1
| #define HAVE_STRINGS_H 1
| #define HAVE_UNISTD_H 1
| #define HAVE_CTYPE_H 1
| #define HAVE_SYS_TYPES_H 1
| #define HAVE__BOOL 1
| #define HAVE_STDBOOL_H 1
| /* end confdefs.h.  */
| #include <stdio.h>
| #ifdef HAVE_SYS_TYPES_H
| # include <sys/types.h>
| #endif
| #ifdef HAVE_SYS_STAT_H
| # include <sys/stat.h>
| #endif
| #ifdef STDC_HEADERS
| # include <stdlib.h>
| # include <stddef.h>
| #else
| # ifdef HAVE_STDLIB_H
| #  include <stdlib.h>
| # endif
| #endif
| #ifdef HAVE_STRING_H
| # if !defined STDC_HEADERS && defined HAVE_MEMORY_H
| #  include <memory.h>
| # endif
| # include <string.h>
| #endif
| #ifdef HAVE_STRINGS_H
| # include <strings.h>
| #endif
| #ifdef HAVE_INTTYPES_H
| # include <inttypes.h>
| #endif
| #ifdef HAVE_STDINT_H
| # include <stdint.h>
| #endif
| #ifdef HAVE_UNISTD_H
| # include <unistd.h>
| #endif
| int
| main ()
| {
| if (sizeof ((size_t)))
| 	    return 0;
|   ;
|   return 0;
| }
configure:15561: result: yes
configure:15572: checking for ssize_t
configure:15572: gcc -std=gnu99 -c -g -O2  conftest.c >&5
configure:15572: $? = 0
configure:15572: gcc -std=gnu99 -c -g -O2  conftest.c >&5
conftest.c: In function 'main':
conftest.c:77: error: expected expression before ')' token
configure:15572: $? = 1
configure: failed program was:
| /* confdefs.h */
| #define PACKAGE_NAME "xlslib"
| #define PACKAGE_TARNAME "xlslib"
| #define PACKAGE_VERSION "2.4.0"
| #define PACKAGE_STRING "xlslib 2.4.0"
| #define PACKAGE_BUGREPORT "dhoerl@users.sourceforge.net"
| #define PACKAGE_URL ""
| #define PACKAGE "xlslib"
| #define VERSION "2.4.0"
| #define STDC_HEADERS 1
| #define HAVE_SYS_TYPES_H 1
| #define HAVE_SYS_STAT_H 1
| #define HAVE_STDLIB_H 1
| #define HAVE_STRING_H 1
| #define HAVE_MEMORY_H 1
| #define HAVE_STRINGS_H 1
| #define HAVE_INTTYPES_H 1
| #define HAVE_STDINT_H 1
| #define HAVE_UNISTD_H 1
| #define __EXTENSIONS__ 1
| #define _ALL_SOURCE 1
| #define _GNU_SOURCE 1
| #define _POSIX_PTHREAD_SEMANTICS 1
| #define _TANDEM_SOURCE 1
| #define HAVE_DLFCN_H 1
| #define LT_OBJDIR ".libs/"
| #define HAVE_WCHAR_H 1
| #define HAVE_STDINT_H 1
| #define HAVE_INTTYPES_H 1
| #define HAVE_STDBOOL_H 1
| #define HAVE_MALLOC_H 1
| #define HAVE_MEMORY_H 1
| #define HAVE_STRING_H 1
| #define HAVE_STRINGS_H 1
| #define HAVE_UNISTD_H 1
| #define HAVE_CTYPE_H 1
| #define HAVE_SYS_TYPES_H 1
| #define HAVE__BOOL 1
| #define HAVE_STDBOOL_H 1
| /* end confdefs.h.  */
| #include <stdio.h>
| #ifdef HAVE_SYS_TYPES_H
| # include <sys/types.h>
| #endif
| #ifdef HAVE_SYS_STAT_H
| # include <sys/stat.h>
| #endif
| #ifdef STDC_HEADERS
| # include <stdlib.h>
| # include <stddef.h>
| #else
| # ifdef HAVE_STDLIB_H
| #  include <stdlib.h>
| # endif
| #endif
| #ifdef HAVE_STRING_H
| # if !defined STDC_HEADERS && defined HAVE_MEMORY_H
| #  include <memory.h>
| # endif
| # include <string.h>
| #endif
| #ifdef HAVE_STRINGS_H
| # include <strings.h>
| #endif
| #ifdef HAVE_INTTYPES_H
| # include <inttypes.h>
| #endif
| #ifdef HAVE_STDINT_H
| # include <stdint.h>
| #endif
| #ifdef HAVE_UNISTD_H
| # include <unistd.h>
| #endif
| int
| main ()
| {
| if (sizeof ((ssize_t)))
| 	    return 0;
|   ;
|   return 0;
| }
configure:15572: result: yes
configure:15584: checking for unsigned long long int
configure:15632: result: yes
configure:15642: checking for long long int
configure:15692: result: yes
configure:15704: checking size of long int
configure:15709: gcc -std=gnu99 -o conftest -g -O2   conftest.c  >&5
configure:15709: $? = 0
configure:15709: ./conftest
configure:15709: $? = 0
configure:15723: result: 8
configure:15737: checking size of int
configure:15742: gcc -std=gnu99 -o conftest -g -O2   conftest.c  >&5
configure:15742: $? = 0
configure:15742: ./conftest
configure:15742: $? = 0
configure:15756: result: 4
configure:15771: checking size of long long int
configure:15776: gcc -std=gnu99 -o conftest -g -O2   conftest.c  >&5
configure:15776: $? = 0
configure:15776: ./conftest
configure:15776: $? = 0
configure:15790: result: 8
configure:15801: checking for preprocessor stringizing operator
configure:15821: result: yes
configure:15831: checking for strcmp
configure:15831: gcc -std=gnu99 -o conftest -g -O2   conftest.c  >&5
conftest.c:70: warning: conflicting types for built-in function 'strcmp'
configure:15831: $? = 0
configure:15831: result: yes
configure:15840: checking for working C99 __func__
configure:15863: gcc -std=gnu99 -o conftest -g -O2   conftest.c  >&5
conftest.c: In function 'main':
conftest.c:58: warning: implicit declaration of function 'strcmp'
configure:15863: $? = 0
configure:15863: ./conftest
configure:15863: $? = 0
configure:15874: result: yes
configure:15876: checking for working __FUNCTION__
configure:15899: gcc -std=gnu99 -o conftest -g -O2   conftest.c  >&5
conftest.c: In function 'main':
conftest.c:58: warning: implicit declaration of function 'strcmp'
configure:15899: $? = 0
configure:15899: ./conftest
configure:15899: $? = 0
configure:15910: result: yes
configure:15928: checking for memset
configure:15928: gcc -std=gnu99 -o conftest -g -O2   conftest.c  >&5
conftest.c:73: warning: conflicting types for built-in function 'memset'
configure:15928: $? = 0
configure:15928: result: yes
configure:15928: checking for memchr
configure:15928: gcc -std=gnu99 -o conftest -g -O2   conftest.c  >&5
conftest.c:74: warning: conflicting types for built-in function 'memchr'
configure:15928: $? = 0
configure:15928: result: yes
configure:15937: checking for working #pragma pack
configure:16076: gcc -std=gnu99 -o conftest -g -O2   conftest.c  >&5
configure:16076: $? = 0
configure:16076: ./conftest
configure:16076: $? = 0
configure:16095: result: yes
configure:16098: checking for working #pragma pack(push / pop)
configure:16237: gcc -std=gnu99 -o conftest -g -O2   conftest.c  >&5
configure:16237: $? = 0
configure:16237: ./conftest
configure:16237: $? = 0
configure:16256: result: yes
configure:16259: checking for overly smart compiler using #pragma pack
configure:16336: gcc -std=gnu99 -o conftest -g -O2   conftest.c  >&5
configure:16336: $? = 0
configure:16336: ./conftest
configure:16336: $? = 0
configure:16348: result: yes
configure:16370: checking for ANSI C header files
configure:16474: result: yes
configure:16485: checking for memset
configure:16485: result: yes
configure:16485: checking for strchr
configure:16485: gcc -std=gnu99 -o conftest -g -O2   conftest.c  >&5
conftest.c:80: warning: conflicting types for built-in function 'strchr'
configure:16485: $? = 0
configure:16485: result: yes
configure:16485: checking for strcasecmp
configure:16485: gcc -std=gnu99 -o conftest -g -O2   conftest.c  >&5
conftest.c:81: warning: conflicting types for built-in function 'strcasecmp'
configure:16485: $? = 0
configure:16485: result: yes
configure:16485: checking for stricmp
configure:16485: gcc -std=gnu99 -o conftest -g -O2   conftest.c  >&5
/tmp/ccopkIiY.o: In function `main':
/home/sly/work/example/qt/xlslib/xlslib/conftest.c:93: undefined reference to `stricmp'
collect2: ld returned 1 exit status
configure:16485: $? = 1
configure: failed program was:
| /* confdefs.h */
| #define PACKAGE_NAME "xlslib"
| #define PACKAGE_TARNAME "xlslib"
| #define PACKAGE_VERSION "2.4.0"
| #define PACKAGE_STRING "xlslib 2.4.0"
| #define PACKAGE_BUGREPORT "dhoerl@users.sourceforge.net"
| #define PACKAGE_URL ""
| #define PACKAGE "xlslib"
| #define VERSION "2.4.0"
| #define STDC_HEADERS 1
| #define HAVE_SYS_TYPES_H 1
| #define HAVE_SYS_STAT_H 1
| #define HAVE_STDLIB_H 1
| #define HAVE_STRING_H 1
| #define HAVE_MEMORY_H 1
| #define HAVE_STRINGS_H 1
| #define HAVE_INTTYPES_H 1
| #define HAVE_STDINT_H 1
| #define HAVE_UNISTD_H 1
| #define __EXTENSIONS__ 1
| #define _ALL_SOURCE 1
| #define _GNU_SOURCE 1
| #define _POSIX_PTHREAD_SEMANTICS 1
| #define _TANDEM_SOURCE 1
| #define HAVE_DLFCN_H 1
| #define LT_OBJDIR ".libs/"
| #define HAVE_WCHAR_H 1
| #define HAVE_STDINT_H 1
| #define HAVE_INTTYPES_H 1
| #define HAVE_STDBOOL_H 1
| #define HAVE_MALLOC_H 1
| #define HAVE_MEMORY_H 1
| #define HAVE_STRING_H 1
| #define HAVE_STRINGS_H 1
| #define HAVE_UNISTD_H 1
| #define HAVE_CTYPE_H 1
| #define HAVE_SYS_TYPES_H 1
| #define HAVE__BOOL 1
| #define HAVE_STDBOOL_H 1
| #define HAVE_UNSIGNED_LONG_LONG_INT 1
| #define HAVE_LONG_LONG_INT 1
| #define SIZEOF_LONG_INT 8
| #define SIZEOF_INT 4
| #define SIZEOF_LONG_LONG_INT 8
| #define HAVE_STRINGIZE 1
| #define HAVE_STRCMP 1
| #define HAVE___FUNC__ 1
| #define HAVE___FUNCTION__ 1
| #define HAVE_MEMSET 1
| #define HAVE_MEMCHR 1
| #define HAVE_PRAGMA_PACK 1
| #define HAVE_PRAGMA_PACK_PUSH_POP 1
| #define HAVE_PRAGMA_PACK_OVERSMART_COMPILER 1
| #define STDC_HEADERS 1
| #define HAVE_MEMSET 1
| #define HAVE_STRCHR 1
| #define HAVE_STRCASECMP 1
| /* end confdefs.h.  */
| /* Define stricmp to an innocuous variant, in case <limits.h> declares stricmp.
|    For example, HP-UX 11i <limits.h> declares gettimeofday.  */
| #define stricmp innocuous_stricmp
| 
| /* System header to define __stub macros and hopefully few prototypes,
|     which can conflict with char stricmp (); below.
|     Prefer <limits.h> to <assert.h> if __STDC__ is defined, since
|     <limits.h> exists even on freestanding compilers.  */
| 
| #ifdef __STDC__
| # include <limits.h>
| #else
| # include <assert.h>
| #endif
| 
| #undef stricmp
| 
| /* Override any GCC internal prototype to avoid an error.
|    Use char because int might match the return type of a GCC
|    builtin and then its argument prototype would still apply.  */
| #ifdef __cplusplus
| extern "C"
| #endif
| char stricmp ();
| /* The GNU C library defines this for functions which it implements
|     to always fail with ENOSYS.  Some functions are actually named
|     something starting with __ and the normal name is an alias.  */
| #if defined __stub_stricmp || defined __stub___stricmp
| choke me
| #endif
| 
| int
| main ()
| {
| return stricmp ();
|   ;
|   return 0;
| }
configure:16485: result: no
configure:16496: checking for memmove
configure:16496: gcc -std=gnu99 -o conftest -g -O2   conftest.c  >&5
conftest.c:82: warning: conflicting types for built-in function 'memmove'
configure:16496: $? = 0
configure:16496: result: yes
configure:16508: checking for snprintf
configure:16508: gcc -std=gnu99 -o conftest -g -O2   conftest.c  >&5
conftest.c:83: warning: conflicting types for built-in function 'snprintf'
configure:16508: $? = 0
configure:16508: result: yes
configure:16508: checking for vsnprintf
configure:16508: gcc -std=gnu99 -o conftest -g -O2   conftest.c  >&5
conftest.c:84: warning: conflicting types for built-in function 'vsnprintf'
configure:16508: $? = 0
configure:16508: result: yes
configure:16520: checking for _snprintf
configure:16520: gcc -std=gnu99 -o conftest -g -O2   conftest.c  >&5
/tmp/cckGnbCe.o: In function `main':
/home/sly/work/example/qt/xlslib/xlslib/conftest.c:96: undefined reference to `_snprintf'
collect2: ld returned 1 exit status
configure:16520: $? = 1
configure: failed program was:
| /* confdefs.h */
| #define PACKAGE_NAME "xlslib"
| #define PACKAGE_TARNAME "xlslib"
| #define PACKAGE_VERSION "2.4.0"
| #define PACKAGE_STRING "xlslib 2.4.0"
| #define PACKAGE_BUGREPORT "dhoerl@users.sourceforge.net"
| #define PACKAGE_URL ""
| #define PACKAGE "xlslib"
| #define VERSION "2.4.0"
| #define STDC_HEADERS 1
| #define HAVE_SYS_TYPES_H 1
| #define HAVE_SYS_STAT_H 1
| #define HAVE_STDLIB_H 1
| #define HAVE_STRING_H 1
| #define HAVE_MEMORY_H 1
| #define HAVE_STRINGS_H 1
| #define HAVE_INTTYPES_H 1
| #define HAVE_STDINT_H 1
| #define HAVE_UNISTD_H 1
| #define __EXTENSIONS__ 1
| #define _ALL_SOURCE 1
| #define _GNU_SOURCE 1
| #define _POSIX_PTHREAD_SEMANTICS 1
| #define _TANDEM_SOURCE 1
| #define HAVE_DLFCN_H 1
| #define LT_OBJDIR ".libs/"
| #define HAVE_WCHAR_H 1
| #define HAVE_STDINT_H 1
| #define HAVE_INTTYPES_H 1
| #define HAVE_STDBOOL_H 1
| #define HAVE_MALLOC_H 1
| #define HAVE_MEMORY_H 1
| #define HAVE_STRING_H 1
| #define HAVE_STRINGS_H 1
| #define HAVE_UNISTD_H 1
| #define HAVE_CTYPE_H 1
| #define HAVE_SYS_TYPES_H 1
| #define HAVE__BOOL 1
| #define HAVE_STDBOOL_H 1
| #define HAVE_UNSIGNED_LONG_LONG_INT 1
| #define HAVE_LONG_LONG_INT 1
| #define SIZEOF_LONG_INT 8
| #define SIZEOF_INT 4
| #define SIZEOF_LONG_LONG_INT 8
| #define HAVE_STRINGIZE 1
| #define HAVE_STRCMP 1
| #define HAVE___FUNC__ 1
| #define HAVE___FUNCTION__ 1
| #define HAVE_MEMSET 1
| #define HAVE_MEMCHR 1
| #define HAVE_PRAGMA_PACK 1
| #define HAVE_PRAGMA_PACK_PUSH_POP 1
| #define HAVE_PRAGMA_PACK_OVERSMART_COMPILER 1
| #define STDC_HEADERS 1
| #define HAVE_MEMSET 1
| #define HAVE_STRCHR 1
| #define HAVE_STRCASECMP 1
| #define HAVE_MEMMOVE 1
| #define HAVE_SNPRINTF 1
| #define HAVE_VSNPRINTF 1
| /* end confdefs.h.  */
| /* Define _snprintf to an innocuous variant, in case <limits.h> declares _snprintf.
|    For example, HP-UX 11i <limits.h> declares gettimeofday.  */
| #define _snprintf innocuous__snprintf
| 
| /* System header to define __stub macros and hopefully few prototypes,
|     which can conflict with char _snprintf (); below.
|     Prefer <limits.h> to <assert.h> if __STDC__ is defined, since
|     <limits.h> exists even on freestanding compilers.  */
| 
| #ifdef __STDC__
| # include <limits.h>
| #else
| # include <assert.h>
| #endif
| 
| #undef _snprintf
| 
| /* Override any GCC internal prototype to avoid an error.
|    Use char because int might match the return type of a GCC
|    builtin and then its argument prototype would still apply.  */
| #ifdef __cplusplus
| extern "C"
| #endif
| char _snprintf ();
| /* The GNU C library defines this for functions which it implements
|     to always fail with ENOSYS.  Some functions are actually named
|     something starting with __ and the normal name is an alias.  */
| #if defined __stub__snprintf || defined __stub____snprintf
| choke me
| #endif
| 
| int
| main ()
| {
| return _snprintf ();
|   ;
|   return 0;
| }
configure:16520: result: no
configure:16520: checking for _vsnprintf
configure:16520: gcc -std=gnu99 -o conftest -g -O2   conftest.c  >&5
/tmp/cc2XIPtl.o: In function `main':
/home/sly/work/example/qt/xlslib/xlslib/conftest.c:96: undefined reference to `_vsnprintf'
collect2: ld returned 1 exit status
configure:16520: $? = 1
configure: failed program was:
| /* confdefs.h */
| #define PACKAGE_NAME "xlslib"
| #define PACKAGE_TARNAME "xlslib"
| #define PACKAGE_VERSION "2.4.0"
| #define PACKAGE_STRING "xlslib 2.4.0"
| #define PACKAGE_BUGREPORT "dhoerl@users.sourceforge.net"
| #define PACKAGE_URL ""
| #define PACKAGE "xlslib"
| #define VERSION "2.4.0"
| #define STDC_HEADERS 1
| #define HAVE_SYS_TYPES_H 1
| #define HAVE_SYS_STAT_H 1
| #define HAVE_STDLIB_H 1
| #define HAVE_STRING_H 1
| #define HAVE_MEMORY_H 1
| #define HAVE_STRINGS_H 1
| #define HAVE_INTTYPES_H 1
| #define HAVE_STDINT_H 1
| #define HAVE_UNISTD_H 1
| #define __EXTENSIONS__ 1
| #define _ALL_SOURCE 1
| #define _GNU_SOURCE 1
| #define _POSIX_PTHREAD_SEMANTICS 1
| #define _TANDEM_SOURCE 1
| #define HAVE_DLFCN_H 1
| #define LT_OBJDIR ".libs/"
| #define HAVE_WCHAR_H 1
| #define HAVE_STDINT_H 1
| #define HAVE_INTTYPES_H 1
| #define HAVE_STDBOOL_H 1
| #define HAVE_MALLOC_H 1
| #define HAVE_MEMORY_H 1
| #define HAVE_STRING_H 1
| #define HAVE_STRINGS_H 1
| #define HAVE_UNISTD_H 1
| #define HAVE_CTYPE_H 1
| #define HAVE_SYS_TYPES_H 1
| #define HAVE__BOOL 1
| #define HAVE_STDBOOL_H 1
| #define HAVE_UNSIGNED_LONG_LONG_INT 1
| #define HAVE_LONG_LONG_INT 1
| #define SIZEOF_LONG_INT 8
| #define SIZEOF_INT 4
| #define SIZEOF_LONG_LONG_INT 8
| #define HAVE_STRINGIZE 1
| #define HAVE_STRCMP 1
| #define HAVE___FUNC__ 1
| #define HAVE___FUNCTION__ 1
| #define HAVE_MEMSET 1
| #define HAVE_MEMCHR 1
| #define HAVE_PRAGMA_PACK 1
| #define HAVE_PRAGMA_PACK_PUSH_POP 1
| #define HAVE_PRAGMA_PACK_OVERSMART_COMPILER 1
| #define STDC_HEADERS 1
| #define HAVE_MEMSET 1
| #define HAVE_STRCHR 1
| #define HAVE_STRCASECMP 1
| #define HAVE_MEMMOVE 1
| #define HAVE_SNPRINTF 1
| #define HAVE_VSNPRINTF 1
| /* end confdefs.h.  */
| /* Define _vsnprintf to an innocuous variant, in case <limits.h> declares _vsnprintf.
|    For example, HP-UX 11i <limits.h> declares gettimeofday.  */
| #define _vsnprintf innocuous__vsnprintf
| 
| /* System header to define __stub macros and hopefully few prototypes,
|     which can conflict with char _vsnprintf (); below.
|     Prefer <limits.h> to <assert.h> if __STDC__ is defined, since
|     <limits.h> exists even on freestanding compilers.  */
| 
| #ifdef __STDC__
| # include <limits.h>
| #else
| # include <assert.h>
| #endif
| 
| #undef _vsnprintf
| 
| /* Override any GCC internal prototype to avoid an error.
|    Use char because int might match the return type of a GCC
|    builtin and then its argument prototype would still apply.  */
| #ifdef __cplusplus
| extern "C"
| #endif
| char _vsnprintf ();
| /* The GNU C library defines this for functions which it implements
|     to always fail with ENOSYS.  Some functions are actually named
|     something starting with __ and the normal name is an alias.  */
| #if defined __stub__vsnprintf || defined __stub____vsnprintf
| choke me
| #endif
| 
| int
| main ()
| {
| return _vsnprintf ();
|   ;
|   return 0;
| }
configure:16520: result: no
configure:16549: checking iconv.h usability
configure:16549: gcc -std=gnu99 -c -g -O2  conftest.c >&5
configure:16549: $? = 0
configure:16549: result: yes
configure:16549: checking iconv.h presence
configure:16549: gcc -std=gnu99 -E  conftest.c
configure:16549: $? = 0
configure:16549: result: yes
configure:16549: checking for iconv.h
configure:16549: result: yes
configure:16551: checking for iconv
configure:16574: gcc -std=gnu99 -o conftest -g -O2   conftest.c  >&5
configure:16574: $? = 0
configure:16576: result: yes
configure:16652: checking if we want a debug or release build
configure:17389: result: default
configure:17557: checking if we want to instrument the build for profiling
configure:17866: result: no
configure:17874: checking if we want maximum compiler warnings
configure:18038: result: yes
configure:18043: checking CFLAGS for maximum warnings
configure:18077: gcc -std=gnu99 -c -g -O2 -pass-exit-codes -pedantic -Werror -Wno-unused-parameter -Wno-missing-field-initializers  -Wall -Wextra -Wno-unused-parameter -Wno-missing-field-initializers  conftest.c >&5
configure:18077: $? = 0
configure:18094: result: -Wall -Wextra -Wno-unused-parameter -Wno-missing-field-initializers
configure:18119: checking CXXFLAGS for maximum warnings
configure:18153: g++ -c -g -O2 -pass-exit-codes -pedantic -Werror -Wno-unused-parameter -Wno-missing-field-initializers  -Wall -Wextra -Wno-unused-parameter -Wno-missing-field-initializers  conftest.cpp >&5
configure:18153: $? = 0
configure:18170: result: -Wall -Wextra -Wno-unused-parameter -Wno-missing-field-initializers
configure:18200: checking if we want test coverage tracking
configure:18359: result: no
configure:18368: checking if we want run-time assertions
configure:18385: result: yes
configure:18587: checking that generated files are newer than configure
configure:18593: result: done
configure:18624: creating ./config.status

## ---------------------- ##
## Running config.status. ##
## ---------------------- ##

This file was extended by xlslib config.status 2.4.0, which was
generated by GNU Autoconf 2.69.  Invocation command line was

  CONFIG_FILES    = 
  CONFIG_HEADERS  = 
  CONFIG_LINKS    = 
  CONFIG_COMMANDS = 
  $ ./config.status 

on master

config.status:1191: creating Makefile
config.status:1191: creating src/Makefile
config.status:1191: creating targets/Makefile
config.status:1191: creating targets/test/Makefile
config.status:1191: creating build/msvc2005/ac-config.win32.h
config.status:1191: creating build/msvc2008/ac-config.win32.h
config.status:1191: creating build/msvc2010/ac-config.win32.h
config.status:1191: creating build/msvc2012/ac-config.win32.h
config.status:1191: creating build/RadStudio/ac-config.win32.h
config.status:1191: creating build/BDS/ac-config.win32.h
config.status:1191: creating build/CodeBlocks/ac-config.linux32.h
config.status:1191: creating src/common/xlconfig.h
config.status:1420: executing depfiles commands
config.status:1420: executing libtool commands

## ---------------- ##
## Cache variables. ##
## ---------------- ##

ac_cv_build=x86_64-unknown-linux-gnu
ac_cv_c_compiler_gnu=yes
ac_cv_c_const=yes
ac_cv_c_inline=inline
ac_cv_c_int16_t=yes
ac_cv_c_int32_t=yes
ac_cv_c_int64_t=yes
ac_cv_c_int8_t=yes
ac_cv_c_stringize=yes
ac_cv_cflags_warn_all='-Wall -Wextra -Wno-unused-parameter -Wno-missing-field-initializers'
ac_cv_cflags_warn_all_cxx='-Wall -Wextra -Wno-unused-parameter -Wno-missing-field-initializers'
ac_cv_cxx_compiler_gnu=yes
ac_cv_env_CCC_set=
ac_cv_env_CCC_value=
ac_cv_env_CC_set=
ac_cv_env_CC_value=
ac_cv_env_CFLAGS_set=
ac_cv_env_CFLAGS_value=
ac_cv_env_CPPFLAGS_set=
ac_cv_env_CPPFLAGS_value=
ac_cv_env_CPP_set=
ac_cv_env_CPP_value=
ac_cv_env_CXXCPP_set=
ac_cv_env_CXXCPP_value=
ac_cv_env_CXXFLAGS_set=
ac_cv_env_CXXFLAGS_value=
ac_cv_env_CXX_set=
ac_cv_env_CXX_value=
ac_cv_env_LDFLAGS_set=
ac_cv_env_LDFLAGS_value=
ac_cv_env_LIBS_set=
ac_cv_env_LIBS_value=
ac_cv_env_build_alias_set=
ac_cv_env_build_alias_value=
ac_cv_env_host_alias_set=
ac_cv_env_host_alias_value=
ac_cv_env_target_alias_set=
ac_cv_env_target_alias_value=
ac_cv_func__snprintf=no
ac_cv_func__vsnprintf=no
ac_cv_func_dlopen=no
ac_cv_func_memchr=yes
ac_cv_func_memmove=yes
ac_cv_func_memset=yes
ac_cv_func_shl_load=no
ac_cv_func_snprintf=yes
ac_cv_func_strcasecmp=yes
ac_cv_func_strchr=yes
ac_cv_func_strcmp=yes
ac_cv_func_stricmp=no
ac_cv_func_vsnprintf=yes
ac_cv_have_pragma_pack_N=yes
ac_cv_have_pragma_pack_cc_too_smart=yes
ac_cv_have_pragma_pack_push_pop=yes
ac_cv_have_working___func__=yes
ac_cv_have_working___function__=yes
ac_cv_header_crt_externs_h=no
ac_cv_header_crtdbg_h=no
ac_cv_header_ctype_h=yes
ac_cv_header_dlfcn_h=yes
ac_cv_header_iconv_h=yes
ac_cv_header_inttypes_h=yes
ac_cv_header_malloc_h=yes
ac_cv_header_memory_h=yes
ac_cv_header_minix_config_h=no
ac_cv_header_stdbool_h=yes
ac_cv_header_stdc=yes
ac_cv_header_stdint_h=yes
ac_cv_header_stdlib_h=yes
ac_cv_header_string_h=yes
ac_cv_header_strings_h=yes
ac_cv_header_sys_stat_h=yes
ac_cv_header_sys_types_h=yes
ac_cv_header_unistd_h=yes
ac_cv_header_wchar_h=yes
ac_cv_header_windows_h=no
ac_cv_host=x86_64-unknown-linux-gnu
ac_cv_lib_dl_dlopen=yes
ac_cv_lib_dld_shl_load=no
ac_cv_objext=o
ac_cv_path_EGREP='/bin/grep -E'
ac_cv_path_FGREP='/bin/grep -F'
ac_cv_path_GREP=/bin/grep
ac_cv_path_SED=/bin/sed
ac_cv_path_install='/usr/bin/install -c'
ac_cv_path_mkdir=/bin/mkdir
ac_cv_prog_AWK=gawk
ac_cv_prog_CPP='gcc -std=gnu99 -E'
ac_cv_prog_CXXCPP='g++ -E'
ac_cv_prog_ac_ct_AR=ar
ac_cv_prog_ac_ct_CC=gcc
ac_cv_prog_ac_ct_CXX=g++
ac_cv_prog_ac_ct_OBJDUMP=objdump
ac_cv_prog_ac_ct_RANLIB=ranlib
ac_cv_prog_ac_ct_STRIP=strip
ac_cv_prog_cc_c89=
ac_cv_prog_cc_c99=-std=gnu99
ac_cv_prog_cc_g=yes
ac_cv_prog_cc_stdc=-std=gnu99
ac_cv_prog_cxx_g=yes
ac_cv_prog_make_make_set=yes
ac_cv_safe_to_define___extensions__=yes
ac_cv_sizeof_int=4
ac_cv_sizeof_long_int=8
ac_cv_sizeof_long_long_int=8
ac_cv_type__Bool=yes
ac_cv_type_long_long_int=yes
ac_cv_type_size_t=yes
ac_cv_type_ssize_t=yes
ac_cv_type_unsigned_long_long_int=yes
am_cv_CC_dependencies_compiler_type=gcc3
am_cv_CXX_dependencies_compiler_type=gcc3
am_cv_make_support_nested_variables=yes
lt_cv_archive_cmds_need_lc=no
lt_cv_deplibs_check_method=pass_all
lt_cv_dlopen=dlopen
lt_cv_dlopen_libs=-ldl
lt_cv_dlopen_self=yes
lt_cv_dlopen_self_static=yes
lt_cv_file_magic_cmd='$MAGIC_CMD'
lt_cv_file_magic_test_file=
lt_cv_ld_reload_flag=-r
lt_cv_nm_interface='BSD nm'
lt_cv_objdir=.libs
lt_cv_path_LD=/usr/bin/ld
lt_cv_path_LDCXX='/usr/bin/ld -m elf_x86_64'
lt_cv_path_NM='/usr/bin/nm -B'
lt_cv_prog_compiler_c_o=yes
lt_cv_prog_compiler_c_o_CXX=yes
lt_cv_prog_compiler_pic_works=yes
lt_cv_prog_compiler_pic_works_CXX=yes
lt_cv_prog_compiler_rtti_exceptions=no
lt_cv_prog_compiler_static_works=no
lt_cv_prog_compiler_static_works_CXX=no
lt_cv_prog_gnu_ld=yes
lt_cv_prog_gnu_ldcxx=yes
lt_cv_shlibpath_overrides_runpath=no
lt_cv_sys_global_symbol_pipe='sed -n -e '\''s/^.*[	 ]\([ABCDGIRSTW][ABCDGIRSTW]*\)[	 ][	 ]*\([_A-Za-z][_A-Za-z0-9]*\)$/\1 \2 \2/p'\'''
lt_cv_sys_global_symbol_to_c_name_address='sed -n -e '\''s/^: \([^ ]*\) $/  {\"\1\", (void *) 0},/p'\'' -e '\''s/^[ABCDGIRSTW]* \([^ ]*\) \([^ ]*\)$/  {"\2", (void *) \&\2},/p'\'''
lt_cv_sys_global_symbol_to_c_name_address_lib_prefix='sed -n -e '\''s/^: \([^ ]*\) $/  {\"\1\", (void *) 0},/p'\'' -e '\''s/^[ABCDGIRSTW]* \([^ ]*\) \(lib[^ ]*\)$/  {"\2", (void *) \&\2},/p'\'' -e '\''s/^[ABCDGIRSTW]* \([^ ]*\) \([^ ]*\)$/  {"lib\2", (void *) \&\2},/p'\'''
lt_cv_sys_global_symbol_to_cdecl='sed -n -e '\''s/^T .* \(.*\)$/extern int \1();/p'\'' -e '\''s/^[ABCDGIRSTW]* .* \(.*\)$/extern char \1;/p'\'''
lt_cv_sys_max_cmd_len=1966080

## ----------------- ##
## Output variables. ##
## ----------------- ##

ACLOCAL='aclocal-1.13'
AMDEPBACKSLASH='\'
AMDEP_FALSE='#'
AMDEP_TRUE=''
AMTAR='$${TAR-tar}'
AM_BACKSLASH='\'
AM_DEFAULT_V='$(AM_DEFAULT_VERBOSITY)'
AM_DEFAULT_VERBOSITY='1'
AM_V='$(V)'
AR='ar'
AS='as'
AUTOCONF='autoconf'
AUTOHEADER='autoheader'
AUTOMAKE='automake-1.13'
AWK='gawk'
CC='gcc -std=gnu99'
CCDEPMODE='depmode=gcc3'
CFLAGS=' -g -O2 -Wall -Wextra -Wno-unused-parameter -Wno-missing-field-initializers'
CPP='gcc -std=gnu99 -E'
CPPFLAGS=''
CXX='g++'
CXXCPP='g++ -E'
CXXDEPMODE='depmode=gcc3'
CXXFLAGS=' -g -O2 -Wall -Wextra -Wno-unused-parameter -Wno-missing-field-initializers'
CYGPATH_W='echo'
DEFS='-DHAVE_CONFIG_H'
DEPDIR='.deps'
DLLTOOL='dlltool'
DSYMUTIL=''
DUMPBIN=''
ECHO_C=''
ECHO_N='-n'
ECHO_T=''
EGREP='/bin/grep -E'
EXEEXT=''
FGREP='/bin/grep -F'
GREP='/bin/grep'
INSTALL_DATA='${INSTALL} -m 644'
INSTALL_PROGRAM='${INSTALL}'
INSTALL_SCRIPT='${INSTALL}'
INSTALL_STRIP_PROGRAM='$(install_sh) -c -s'
LD='/usr/bin/ld -m elf_x86_64'
LDFLAGS=' '
LIBOBJS=''
LIBS=''
LIBTOOL='$(SHELL) $(top_builddir)/libtool'
LIBTOOL_DEPS='config/ltmain.sh'
LIPO=''
LN_S='ln -s'
LTLIBOBJS=''
MAKEINFO='makeinfo'
MKDIR_P='/bin/mkdir -p'
NM='/usr/bin/nm -B'
NMEDIT=''
OBJDUMP='objdump'
OBJEXT='o'
OTOOL64=''
OTOOL=''
PACKAGE='xlslib'
PACKAGE_BUGREPORT='dhoerl@users.sourceforge.net'
PACKAGE_NAME='xlslib'
PACKAGE_STRING='xlslib 2.4.0'
PACKAGE_TARNAME='xlslib'
PACKAGE_URL=''
PACKAGE_VERSION='2.4.0'
PATH_SEPARATOR=':'
RANLIB='ranlib'
SED='/bin/sed'
SET_MAKE=''
SHELL='/bin/sh'
STRIP='strip'
TARGET_OS_MINGW32_FALSE=''
TARGET_OS_MINGW32_TRUE='#'
VERSION='2.4.0'
WITH_ICONV='1'
XLSLIB_LIBS=' '
ac_ct_CC='gcc'
ac_ct_CXX='g++'
ac_ct_DUMPBIN=''
am__EXEEXT_FALSE=''
am__EXEEXT_TRUE='#'
am__fastdepCC_FALSE='#'
am__fastdepCC_TRUE=''
am__fastdepCXX_FALSE='#'
am__fastdepCXX_TRUE=''
am__include='include'
am__isrc=''
am__leading_dot='.'
am__nodep='_no'
am__quote=''
am__tar='$${TAR-tar} chof - "$$tardir"'
am__untar='$${TAR-tar} xf -'
bindir='${exec_prefix}/bin'
build='x86_64-unknown-linux-gnu'
build_alias=''
build_cpu='x86_64'
build_os='linux-gnu'
build_vendor='unknown'
datadir='${datarootdir}'
datarootdir='${prefix}/share'
docdir='${datarootdir}/doc/${PACKAGE_TARNAME}'
dvidir='${docdir}'
exec_prefix='${prefix}'
host='x86_64-unknown-linux-gnu'
host_alias=''
host_cpu='x86_64'
host_os='linux-gnu'
host_vendor='unknown'
htmldir='${docdir}'
includedir='${prefix}/include'
infodir='${datarootdir}/info'
install_sh='${SHELL} /home/sly/work/example/qt/xlslib/xlslib/config/install-sh'
libdir='${exec_prefix}/lib'
libexecdir='${exec_prefix}/libexec'
localedir='${datarootdir}/locale'
localstatedir='${prefix}/var'
mandir='${datarootdir}/man'
mkdir_p='$(MKDIR_P)'
oldincludedir='/usr/include'
pdfdir='${docdir}'
prefix='/usr/local'
program_transform_name='s,x,x,'
psdir='${docdir}'
sbindir='${exec_prefix}/sbin'
sharedstatedir='${prefix}/com'
sysconfdir='${prefix}/etc'
target_alias=''

## ----------- ##
## confdefs.h. ##
## ----------- ##

/* confdefs.h */
#define PACKAGE_NAME "xlslib"
#define PACKAGE_TARNAME "xlslib"
#define PACKAGE_VERSION "2.4.0"
#define PACKAGE_STRING "xlslib 2.4.0"
#define PACKAGE_BUGREPORT "dhoerl@users.sourceforge.net"
#define PACKAGE_URL ""
#define PACKAGE "xlslib"
#define VERSION "2.4.0"
#define STDC_HEADERS 1
#define HAVE_SYS_TYPES_H 1
#define HAVE_SYS_STAT_H 1
#define HAVE_STDLIB_H 1
#define HAVE_STRING_H 1
#define HAVE_MEMORY_H 1
#define HAVE_STRINGS_H 1
#define HAVE_INTTYPES_H 1
#define HAVE_STDINT_H 1
#define HAVE_UNISTD_H 1
#define __EXTENSIONS__ 1
#define _ALL_SOURCE 1
#define _GNU_SOURCE 1
#define _POSIX_PTHREAD_SEMANTICS 1
#define _TANDEM_SOURCE 1
#define HAVE_DLFCN_H 1
#define LT_OBJDIR ".libs/"
#define HAVE_WCHAR_H 1
#define HAVE_STDINT_H 1
#define HAVE_INTTYPES_H 1
#define HAVE_STDBOOL_H 1
#define HAVE_MALLOC_H 1
#define HAVE_MEMORY_H 1
#define HAVE_STRING_H 1
#define HAVE_STRINGS_H 1
#define HAVE_UNISTD_H 1
#define HAVE_CTYPE_H 1
#define HAVE_SYS_TYPES_H 1
#define HAVE__BOOL 1
#define HAVE_STDBOOL_H 1
#define HAVE_UNSIGNED_LONG_LONG_INT 1
#define HAVE_LONG_LONG_INT 1
#define SIZEOF_LONG_INT 8
#define SIZEOF_INT 4
#define SIZEOF_LONG_LONG_INT 8
#define HAVE_STRINGIZE 1
#define HAVE_STRCMP 1
#define HAVE___FUNC__ 1
#define HAVE___FUNCTION__ 1
#define HAVE_MEMSET 1
#define HAVE_MEMCHR 1
#define HAVE_PRAGMA_PACK 1
#define HAVE_PRAGMA_PACK_PUSH_POP 1
#define HAVE_PRAGMA_PACK_OVERSMART_COMPILER 1
#define STDC_HEADERS 1
#define HAVE_MEMSET 1
#define HAVE_STRCHR 1
#define HAVE_STRCASECMP 1
#define HAVE_MEMMOVE 1
#define HAVE_SNPRINTF 1
#define HAVE_VSNPRINTF 1
#define HAVE_ICONV 1
#define HAVE_COMMON_XLCONFIG_H 1

configure: exit 0
